Using pre-set license
Built from '6000.0/staging' branch; Version is '6000.0.26f1 (ccb7c73d2c02) revision 13416391'; Using compiler version '193933523'; Build Type 'Release'
OS: 'Windows 11  (10.0.22631) 64bit CoreSingleLanguage' Language: 'tr' Physical Memory: 16022 MB
BatchMode: 1, IsHumanControllingUs: 0, StartBugReporterOnCrash: 0, Is64bit: 1, IsPro: 1

COMMAND LINE ARGUMENTS:
C:\Program Files\Unity\Hub\Editor\6000.0.26f1\Editor\Unity.exe
-adb2
-batchMode
-noUpm
-name
AssetImportWorker0
-projectPath
C:/Users/1must/Desktop/AR_Projem
-logFile
Logs/AssetImportWorker0.log
-srvPort
50252
-job-worker-count
11
-background-job-worker-count
8
-asset-garbage-collectors
1
Successfully changed project path to: C:/Users/1must/Desktop/AR_Projem
C:/Users/1must/Desktop/AR_Projem
[UnityMemory] Configuration Parameters - Can be set up in boot.config
    "memorysetup-bucket-allocator-granularity=16"
    "memorysetup-bucket-allocator-bucket-count=8"
    "memorysetup-bucket-allocator-block-size=33554432"
    "memorysetup-bucket-allocator-block-count=8"
    "memorysetup-main-allocator-block-size=16777216"
    "memorysetup-thread-allocator-block-size=16777216"
    "memorysetup-gfx-main-allocator-block-size=16777216"
    "memorysetup-gfx-thread-allocator-block-size=16777216"
    "memorysetup-cache-allocator-block-size=4194304"
    "memorysetup-typetree-allocator-block-size=2097152"
    "memorysetup-profiler-bucket-allocator-granularity=16"
    "memorysetup-profiler-bucket-allocator-bucket-count=8"
    "memorysetup-profiler-bucket-allocator-block-size=33554432"
    "memorysetup-profiler-bucket-allocator-block-count=8"
    "memorysetup-profiler-allocator-block-size=16777216"
    "memorysetup-profiler-editor-allocator-block-size=1048576"
    "memorysetup-temp-allocator-size-main=16777216"
    "memorysetup-job-temp-allocator-block-size=2097152"
    "memorysetup-job-temp-allocator-block-size-background=1048576"
    "memorysetup-job-temp-allocator-reduction-small-platforms=262144"
    "memorysetup-allocator-temp-initial-block-size-main=262144"
    "memorysetup-allocator-temp-initial-block-size-worker=262144"
    "memorysetup-temp-allocator-size-background-worker=32768"
    "memorysetup-temp-allocator-size-job-worker=262144"
    "memorysetup-temp-allocator-size-preload-manager=33554432"
    "memorysetup-temp-allocator-size-nav-mesh-worker=65536"
    "memorysetup-temp-allocator-size-audio-worker=65536"
    "memorysetup-temp-allocator-size-cloud-worker=32768"
    "memorysetup-temp-allocator-size-gi-baking-worker=262144"
    "memorysetup-temp-allocator-size-gi-baking-worker=262144"
    "memorysetup-temp-allocator-size-gi-baking-worker=262144"
    "memorysetup-temp-allocator-size-gi-baking-worker=262144"
    "memorysetup-temp-allocator-size-gi-baking-worker=262144"
    "memorysetup-temp-allocator-size-gfx=262144"
Player connection [7032]  Target information:

Player connection [7032]  * "[IP] 192.168.1.156 [Port] 0 [Flags] 2 [Guid] 2457881738 [EditorId] 2457881738 [Version] 1048832 [Id] WindowsEditor(7,MustafaVRL) [Debug] 1 [PackageName] WindowsEditor [ProjectName] Editor" 

Player connection [7032] Host joined multi-casting on [225.0.0.222:54997]...
Player connection [7032] Host joined alternative multi-casting on [225.0.0.222:34997]...
JobSystem: Creating JobQueue using job-worker-count value 11
[Physics::Module] Initialized fallback backend.
[Physics::Module] Id: 0xdecafbad
Library Redirect Path: Library/
[Physics::Module] Selected backend.
[Physics::Module] Name: PhysX
[Physics::Module] Id: 0xf2b8ea05
[Physics::Module] SDK Version: 4.1.2
[Physics::Module] Integration Version: 1.0.0
[Physics::Module] Threading Mode: Multi-Threaded
Refreshing native plugins compatible for Editor in 4.38 ms, found 6 plugins.
Preloading 2 native plugins for Editor in 2.04 ms.
Initialize engine version: 6000.0.26f1 (ccb7c73d2c02)
[Subsystems] Discovering subsystems at path C:/Program Files/Unity/Hub/Editor/6000.0.26f1/Editor/Data/Resources/UnitySubsystems
[Subsystems] Discovering subsystems at path C:/Users/1must/Desktop/AR_Projem/Assets
GfxDevice: creating device client; kGfxThreadingModeNonThreaded
Direct3D:
    Version:  Direct3D 11.0 [level 11.1]
    Renderer: NVIDIA GeForce RTX 4060 Laptop GPU (ID=0x28a0)
    Vendor:   NVIDIA
    VRAM:     7957 MB
    Driver:   32.0.15.5613
Initialize mono
Mono path[0] = 'C:/Program Files/Unity/Hub/Editor/6000.0.26f1/Editor/Data/Managed'
Mono path[1] = 'C:/Program Files/Unity/Hub/Editor/6000.0.26f1/Editor/Data/MonoBleedingEdge/lib/mono/unityjit-win32'
Mono config path = 'C:/Program Files/Unity/Hub/Editor/6000.0.26f1/Editor/Data/MonoBleedingEdge/etc'
Using monoOptions --debugger-agent=transport=dt_socket,embedding=1,server=y,suspend=n,address=127.0.0.1:56636
Begin MonoManager ReloadAssembly
Registering precompiled unity dll's ...
Register platform support module: C:/Program Files/Unity/Hub/Editor/6000.0.26f1/Editor/Data/PlaybackEngines/WebGLSupport/UnityEditor.WebGL.Extensions.dll
Register platform support module: C:/Program Files/Unity/Hub/Editor/6000.0.26f1/Editor/Data/PlaybackEngines/MacStandaloneSupport/UnityEditor.OSXStandalone.Extensions.dll
Register platform support module: C:/Program Files/Unity/Hub/Editor/6000.0.26f1/Editor/Data/PlaybackEngines/WindowsStandaloneSupport/UnityEditor.WindowsStandalone.Extensions.dll
Register platform support module: C:/Program Files/Unity/Hub/Editor/6000.0.26f1/Editor/Data/PlaybackEngines/MetroSupport/UnityEditor.UWP.Extensions.dll
Register platform support module: C:/Program Files/Unity/Hub/Editor/6000.0.26f1/Editor/Data/PlaybackEngines/AndroidPlayer/UnityEditor.Android.Extensions.dll
Register platform support module: C:/Program Files/Unity/Hub/Editor/6000.0.26f1/Editor/Data/PlaybackEngines/iOSSupport/UnityEditor.iOS.Extensions.dll
Registered in 0.018528 seconds.
- Loaded All Assemblies, in  0.580 seconds
[usbmuxd] Start listen thread
[usbmuxd] Listen thread started
Native extension for iOS target not found
Native extension for Android target not found
Android Extension - Scanning For ADB Devices 878 ms
Native extension for UWP target not found
Native extension for WindowsStandalone target not found
Native extension for OSXStandalone target not found
Native extension for WebGL target not found
Mono: successfully reloaded assembly
- Finished resetting the current domain, in  1.363 seconds
Domain Reload Profiling: 1938ms
	BeginReloadAssembly (235ms)
		ExecutionOrderSort (0ms)
		DisableScriptedObjects (0ms)
		BackupInstance (0ms)
		ReleaseScriptingObjects (0ms)
		CreateAndSetChildDomain (1ms)
	RebuildCommonClasses (42ms)
	RebuildNativeTypeToScriptingClass (12ms)
	initialDomainReloadingComplete (87ms)
	LoadAllAssembliesAndSetupDomain (199ms)
		LoadAssemblies (232ms)
		RebuildTransferFunctionScriptingTraits (0ms)
		AnalyzeDomain (194ms)
			TypeCache.Refresh (193ms)
				TypeCache.ScanAssembly (178ms)
			BuildScriptInfoCaches (0ms)
			ResolveRequiredComponents (1ms)
	FinalizeReload (1364ms)
		ReleaseScriptCaches (0ms)
		RebuildScriptCaches (0ms)
		SetupLoadedEditorAssemblies (1311ms)
			LogAssemblyErrors (0ms)
			InitializePlatformSupportModulesInManaged (1061ms)
			SetLoadedEditorAssemblies (4ms)
			BeforeProcessingInitializeOnLoad (6ms)
			ProcessInitializeOnLoadAttributes (159ms)
			ProcessInitializeOnLoadMethodAttributes (75ms)
			AfterProcessingInitializeOnLoad (4ms)
			EditorAssembliesLoaded (0ms)
		ExecutionOrderSort2 (0ms)
		AwakeInstancesAfterBackupRestoration (0ms)
========================================================================
Worker process is ready to serve import requests
Import Worker Mode flag is 0x00
Begin MonoManager ReloadAssembly
Symbol file LoadedFromMemory is not a mono symbol file
- Loaded All Assemblies, in  1.966 seconds
Refreshing native plugins compatible for Editor in 4.55 ms, found 6 plugins.
Native extension for iOS target not found
Native extension for Android target not found
Native extension for UWP target not found
Native extension for WindowsStandalone target not found
Native extension for OSXStandalone target not found
Native extension for WebGL target not found
Mono: successfully reloaded assembly
- Finished resetting the current domain, in  1.428 seconds
Domain Reload Profiling: 3381ms
	BeginReloadAssembly (945ms)
		ExecutionOrderSort (0ms)
		DisableScriptedObjects (8ms)
		BackupInstance (0ms)
		ReleaseScriptingObjects (0ms)
		CreateAndSetChildDomain (39ms)
	RebuildCommonClasses (42ms)
	RebuildNativeTypeToScriptingClass (15ms)
	initialDomainReloadingComplete (58ms)
	LoadAllAssembliesAndSetupDomain (893ms)
		LoadAssemblies (665ms)
		RebuildTransferFunctionScriptingTraits (0ms)
		AnalyzeDomain (345ms)
			TypeCache.Refresh (246ms)
				TypeCache.ScanAssembly (223ms)
			BuildScriptInfoCaches (80ms)
			ResolveRequiredComponents (16ms)
	FinalizeReload (1429ms)
		ReleaseScriptCaches (0ms)
		RebuildScriptCaches (0ms)
		SetupLoadedEditorAssemblies (1041ms)
			LogAssemblyErrors (0ms)
			InitializePlatformSupportModulesInManaged (39ms)
			SetLoadedEditorAssemblies (4ms)
			BeforeProcessingInitializeOnLoad (82ms)
			ProcessInitializeOnLoadAttributes (781ms)
			ProcessInitializeOnLoadMethodAttributes (122ms)
			AfterProcessingInitializeOnLoad (14ms)
			EditorAssembliesLoaded (0ms)
		ExecutionOrderSort2 (0ms)
		AwakeInstancesAfterBackupRestoration (7ms)
Launched and connected shader compiler UnityShaderCompiler.exe after 0.03 seconds
Refreshing native plugins compatible for Editor in 5.19 ms, found 6 plugins.
Preloading 2 native plugins for Editor in 0.10 ms.
Unloading 293 Unused Serialized files (Serialized files now loaded: 0)
Unloading 6067 unused Assets / (6.1 MB). Loaded Objects now: 7024.
Memory consumption went from 307.7 MB to 301.6 MB.
Total: 11.585200 ms (FindLiveObjects: 0.569300 ms CreateObjectMapping: 0.525200 ms MarkObjects: 6.956300 ms  DeleteObjects: 3.531600 ms)

========================================================================
Received Import Request.
  Time since last request: 6880.698948 seconds.
  path: Assets/Resources/Materials
  artifactKey: Guid(7f62918ee349bd84cb83be2b9ea34e54) Importer(815301076,1909f56bfc062723c751e8b465ee728b)
Start importing Assets/Resources/Materials using Guid(7f62918ee349bd84cb83be2b9ea34e54) Importer(815301076,1909f56bfc062723c751e8b465ee728b) (PreviewImporter) -> (artifact id: 'cede7e3aa90c981005f35b2ee4051e1a') in 0.0089998 seconds
Number of updated asset objects reloaded before import = 0Number of asset objects unloaded after import = 0

========================================================================
Received Import Request.
  Time since last request: 12.475385 seconds.
  path: Assets/Resources/Materials/WhatsApp Görsel 2024-12-08 saat 14.31.05_f6b69fa2.jpg
  artifactKey: Guid(380b035f6cbdea04291d6bf3b5b8d858) Importer(815301076,1909f56bfc062723c751e8b465ee728b)
Start importing Assets/Resources/Materials/WhatsApp Görsel 2024-12-08 saat 14.31.05_f6b69fa2.jpg using Guid(380b035f6cbdea04291d6bf3b5b8d858) Importer(815301076,1909f56bfc062723c751e8b465ee728b) (PreviewImporter) -> (artifact id: '0b8d8387edf5f84b04f70fa860a28b7f') in 0.080851 seconds
Number of updated asset objects reloaded before import = 0Number of asset objects unloaded after import = 2

========================================================================
Received Prepare
Begin MonoManager ReloadAssembly
Symbol file LoadedFromMemory is not a mono symbol file
- Loaded All Assemblies, in  0.800 seconds
Refreshing native plugins compatible for Editor in 2.40 ms, found 6 plugins.
Native extension for iOS target not found
Native extension for Android target not found
Native extension for UWP target not found
Native extension for WindowsStandalone target not found
Native extension for OSXStandalone target not found
Native extension for WebGL target not found
Mono: successfully reloaded assembly
- Finished resetting the current domain, in  0.709 seconds
Domain Reload Profiling: 1503ms
	BeginReloadAssembly (222ms)
		ExecutionOrderSort (0ms)
		DisableScriptedObjects (7ms)
		BackupInstance (0ms)
		ReleaseScriptingObjects (0ms)
		CreateAndSetChildDomain (62ms)
	RebuildCommonClasses (33ms)
	RebuildNativeTypeToScriptingClass (11ms)
	initialDomainReloadingComplete (35ms)
	LoadAllAssembliesAndSetupDomain (492ms)
		LoadAssemblies (385ms)
		RebuildTransferFunctionScriptingTraits (0ms)
		AnalyzeDomain (209ms)
			TypeCache.Refresh (7ms)
				TypeCache.ScanAssembly (0ms)
			BuildScriptInfoCaches (187ms)
			ResolveRequiredComponents (12ms)
	FinalizeReload (710ms)
		ReleaseScriptCaches (0ms)
		RebuildScriptCaches (0ms)
		SetupLoadedEditorAssemblies (465ms)
			LogAssemblyErrors (0ms)
			InitializePlatformSupportModulesInManaged (25ms)
			SetLoadedEditorAssemblies (3ms)
			BeforeProcessingInitializeOnLoad (52ms)
			ProcessInitializeOnLoadAttributes (335ms)
			ProcessInitializeOnLoadMethodAttributes (42ms)
			AfterProcessingInitializeOnLoad (10ms)
			EditorAssembliesLoaded (0ms)
		ExecutionOrderSort2 (0ms)
		AwakeInstancesAfterBackupRestoration (11ms)
Refreshing native plugins compatible for Editor in 3.21 ms, found 6 plugins.
Preloading 2 native plugins for Editor in 0.13 ms.
Unloading 28 Unused Serialized files (Serialized files now loaded: 0)
Unloading 6065 unused Assets / (5.1 MB). Loaded Objects now: 7044.
Memory consumption went from 268.9 MB to 263.8 MB.
Total: 7.523700 ms (FindLiveObjects: 0.535400 ms CreateObjectMapping: 0.459200 ms MarkObjects: 4.360400 ms  DeleteObjects: 2.167600 ms)

Prepare: number of updated asset objects reloaded= 0
========================================================================
Received Prepare
Begin MonoManager ReloadAssembly
Symbol file LoadedFromMemory is not a mono symbol file
- Loaded All Assemblies, in  0.672 seconds
Refreshing native plugins compatible for Editor in 3.04 ms, found 6 plugins.
Native extension for iOS target not found
Native extension for Android target not found
Native extension for UWP target not found
Native extension for WindowsStandalone target not found
Native extension for OSXStandalone target not found
Native extension for WebGL target not found
Mono: successfully reloaded assembly
- Finished resetting the current domain, in  0.708 seconds
Domain Reload Profiling: 1376ms
	BeginReloadAssembly (171ms)
		ExecutionOrderSort (0ms)
		DisableScriptedObjects (5ms)
		BackupInstance (0ms)
		ReleaseScriptingObjects (0ms)
		CreateAndSetChildDomain (41ms)
	RebuildCommonClasses (28ms)
	RebuildNativeTypeToScriptingClass (10ms)
	initialDomainReloadingComplete (28ms)
	LoadAllAssembliesAndSetupDomain (432ms)
		LoadAssemblies (346ms)
		RebuildTransferFunctionScriptingTraits (0ms)
		AnalyzeDomain (165ms)
			TypeCache.Refresh (7ms)
				TypeCache.ScanAssembly (0ms)
			BuildScriptInfoCaches (143ms)
			ResolveRequiredComponents (12ms)
	FinalizeReload (708ms)
		ReleaseScriptCaches (0ms)
		RebuildScriptCaches (0ms)
		SetupLoadedEditorAssemblies (466ms)
			LogAssemblyErrors (0ms)
			InitializePlatformSupportModulesInManaged (26ms)
			SetLoadedEditorAssemblies (3ms)
			BeforeProcessingInitializeOnLoad (52ms)
			ProcessInitializeOnLoadAttributes (334ms)
			ProcessInitializeOnLoadMethodAttributes (43ms)
			AfterProcessingInitializeOnLoad (9ms)
			EditorAssembliesLoaded (0ms)
		ExecutionOrderSort2 (0ms)
		AwakeInstancesAfterBackupRestoration (11ms)
Refreshing native plugins compatible for Editor in 2.80 ms, found 6 plugins.
Preloading 2 native plugins for Editor in 0.09 ms.
Unloading 18 Unused Serialized files (Serialized files now loaded: 0)
Unloading 6065 unused Assets / (4.9 MB). Loaded Objects now: 7046.
Memory consumption went from 267.2 MB to 262.3 MB.
Total: 6.986200 ms (FindLiveObjects: 0.544600 ms CreateObjectMapping: 0.428800 ms MarkObjects: 4.039900 ms  DeleteObjects: 1.972000 ms)

Prepare: number of updated asset objects reloaded= 0
========================================================================
Received Prepare
Begin MonoManager ReloadAssembly
Symbol file LoadedFromMemory is not a mono symbol file
- Loaded All Assemblies, in  0.644 seconds
Refreshing native plugins compatible for Editor in 2.77 ms, found 6 plugins.
Native extension for iOS target not found
Native extension for Android target not found
Native extension for UWP target not found
Native extension for WindowsStandalone target not found
Native extension for OSXStandalone target not found
Native extension for WebGL target not found
Mono: successfully reloaded assembly
- Finished resetting the current domain, in  0.712 seconds
Domain Reload Profiling: 1352ms
	BeginReloadAssembly (164ms)
		ExecutionOrderSort (0ms)
		DisableScriptedObjects (5ms)
		BackupInstance (0ms)
		ReleaseScriptingObjects (0ms)
		CreateAndSetChildDomain (36ms)
	RebuildCommonClasses (27ms)
	RebuildNativeTypeToScriptingClass (10ms)
	initialDomainReloadingComplete (29ms)
	LoadAllAssembliesAndSetupDomain (410ms)
		LoadAssemblies (323ms)
		RebuildTransferFunctionScriptingTraits (0ms)
		AnalyzeDomain (168ms)
			TypeCache.Refresh (6ms)
				TypeCache.ScanAssembly (0ms)
			BuildScriptInfoCaches (147ms)
			ResolveRequiredComponents (10ms)
	FinalizeReload (713ms)
		ReleaseScriptCaches (0ms)
		RebuildScriptCaches (0ms)
		SetupLoadedEditorAssemblies (459ms)
			LogAssemblyErrors (0ms)
			InitializePlatformSupportModulesInManaged (24ms)
			SetLoadedEditorAssemblies (3ms)
			BeforeProcessingInitializeOnLoad (54ms)
			ProcessInitializeOnLoadAttributes (332ms)
			ProcessInitializeOnLoadMethodAttributes (39ms)
			AfterProcessingInitializeOnLoad (8ms)
			EditorAssembliesLoaded (0ms)
		ExecutionOrderSort2 (0ms)
		AwakeInstancesAfterBackupRestoration (10ms)
Refreshing native plugins compatible for Editor in 3.09 ms, found 6 plugins.
Preloading 2 native plugins for Editor in 0.10 ms.
Unloading 18 Unused Serialized files (Serialized files now loaded: 0)
Unloading 6065 unused Assets / (4.8 MB). Loaded Objects now: 7048.
Memory consumption went from 267.2 MB to 262.4 MB.
Total: 6.820300 ms (FindLiveObjects: 0.505500 ms CreateObjectMapping: 0.467200 ms MarkObjects: 3.994600 ms  DeleteObjects: 1.851900 ms)

Prepare: number of updated asset objects reloaded= 0
========================================================================
Received Prepare
Begin MonoManager ReloadAssembly
Symbol file LoadedFromMemory is not a mono symbol file
- Loaded All Assemblies, in  0.648 seconds
Refreshing native plugins compatible for Editor in 2.85 ms, found 6 plugins.
Native extension for iOS target not found
Native extension for Android target not found
Native extension for UWP target not found
Native extension for WindowsStandalone target not found
Native extension for OSXStandalone target not found
Native extension for WebGL target not found
Mono: successfully reloaded assembly
- Finished resetting the current domain, in  0.689 seconds
Domain Reload Profiling: 1332ms
	BeginReloadAssembly (171ms)
		ExecutionOrderSort (0ms)
		DisableScriptedObjects (5ms)
		BackupInstance (0ms)
		ReleaseScriptingObjects (0ms)
		CreateAndSetChildDomain (47ms)
	RebuildCommonClasses (27ms)
	RebuildNativeTypeToScriptingClass (10ms)
	initialDomainReloadingComplete (27ms)
	LoadAllAssembliesAndSetupDomain (407ms)
		LoadAssemblies (319ms)
		RebuildTransferFunctionScriptingTraits (0ms)
		AnalyzeDomain (166ms)
			TypeCache.Refresh (6ms)
				TypeCache.ScanAssembly (0ms)
			BuildScriptInfoCaches (146ms)
			ResolveRequiredComponents (11ms)
	FinalizeReload (690ms)
		ReleaseScriptCaches (0ms)
		RebuildScriptCaches (0ms)
		SetupLoadedEditorAssemblies (456ms)
			LogAssemblyErrors (0ms)
			InitializePlatformSupportModulesInManaged (23ms)
			SetLoadedEditorAssemblies (3ms)
			BeforeProcessingInitializeOnLoad (52ms)
			ProcessInitializeOnLoadAttributes (329ms)
			ProcessInitializeOnLoadMethodAttributes (40ms)
			AfterProcessingInitializeOnLoad (8ms)
			EditorAssembliesLoaded (0ms)
		ExecutionOrderSort2 (0ms)
		AwakeInstancesAfterBackupRestoration (9ms)
Refreshing native plugins compatible for Editor in 2.78 ms, found 6 plugins.
Preloading 2 native plugins for Editor in 0.09 ms.
Unloading 18 Unused Serialized files (Serialized files now loaded: 0)
Unloading 6065 unused Assets / (4.9 MB). Loaded Objects now: 7050.
Memory consumption went from 271.0 MB to 266.1 MB.
Total: 6.843300 ms (FindLiveObjects: 0.505200 ms CreateObjectMapping: 0.428300 ms MarkObjects: 3.985700 ms  DeleteObjects: 1.923300 ms)

Prepare: number of updated asset objects reloaded= 0
========================================================================
Received Import Request.
  Time since last request: 2752.556566 seconds.
  path: Assets/Resources/Scripts
  artifactKey: Guid(5e7075ab3416e444dbb1bfec1152e407) Importer(815301076,1909f56bfc062723c751e8b465ee728b)
Start importing Assets/Resources/Scripts using Guid(5e7075ab3416e444dbb1bfec1152e407) Importer(815301076,1909f56bfc062723c751e8b465ee728b) (PreviewImporter) -> (artifact id: 'f652697a1e1a0e51db33917c62593b99') in 0.0637222 seconds
Number of updated asset objects reloaded before import = 0Number of asset objects unloaded after import = 0

========================================================================
Received Import Request.
  Time since last request: 130.036547 seconds.
  path: Assets/Tasty_Characters - Castle Pack/Assets/textures/Castle_Background.jpg
  artifactKey: Guid(527af9115dcefbf4ebc13e9bc36447a7) Importer(815301076,1909f56bfc062723c751e8b465ee728b)
Start importing Assets/Tasty_Characters - Castle Pack/Assets/textures/Castle_Background.jpg using Guid(527af9115dcefbf4ebc13e9bc36447a7) Importer(815301076,1909f56bfc062723c751e8b465ee728b) (PreviewImporter) -> (artifact id: '9e770f8cad6e21196eb862293f03763b') in 0.1099414 seconds
Number of updated asset objects reloaded before import = 0Number of asset objects unloaded after import = 3

========================================================================
Received Prepare
Begin MonoManager ReloadAssembly
Symbol file LoadedFromMemory is not a mono symbol file
- Loaded All Assemblies, in  0.680 seconds
Refreshing native plugins compatible for Editor in 2.70 ms, found 6 plugins.
Native extension for iOS target not found
Native extension for Android target not found
Native extension for UWP target not found
Native extension for WindowsStandalone target not found
Native extension for OSXStandalone target not found
Native extension for WebGL target not found
Mono: successfully reloaded assembly
- Finished resetting the current domain, in  0.699 seconds
Domain Reload Profiling: 1375ms
	BeginReloadAssembly (188ms)
		ExecutionOrderSort (0ms)
		DisableScriptedObjects (5ms)
		BackupInstance (0ms)
		ReleaseScriptingObjects (0ms)
		CreateAndSetChildDomain (50ms)
	RebuildCommonClasses (29ms)
	RebuildNativeTypeToScriptingClass (10ms)
	initialDomainReloadingComplete (29ms)
	LoadAllAssembliesAndSetupDomain (420ms)
		LoadAssemblies (338ms)
		RebuildTransferFunctionScriptingTraits (0ms)
		AnalyzeDomain (169ms)
			TypeCache.Refresh (6ms)
				TypeCache.ScanAssembly (0ms)
			BuildScriptInfoCaches (149ms)
			ResolveRequiredComponents (11ms)
	FinalizeReload (700ms)
		ReleaseScriptCaches (0ms)
		RebuildScriptCaches (0ms)
		SetupLoadedEditorAssemblies (463ms)
			LogAssemblyErrors (0ms)
			InitializePlatformSupportModulesInManaged (25ms)
			SetLoadedEditorAssemblies (3ms)
			BeforeProcessingInitializeOnLoad (54ms)
			ProcessInitializeOnLoadAttributes (329ms)
			ProcessInitializeOnLoadMethodAttributes (41ms)
			AfterProcessingInitializeOnLoad (10ms)
			EditorAssembliesLoaded (0ms)
		ExecutionOrderSort2 (0ms)
		AwakeInstancesAfterBackupRestoration (10ms)
Refreshing native plugins compatible for Editor in 3.06 ms, found 6 plugins.
Preloading 2 native plugins for Editor in 0.10 ms.
Unloading 18 Unused Serialized files (Serialized files now loaded: 0)
Unloading 6065 unused Assets / (5.5 MB). Loaded Objects now: 7055.
Memory consumption went from 271.0 MB to 265.5 MB.
Total: 8.354600 ms (FindLiveObjects: 0.506100 ms CreateObjectMapping: 0.655400 ms MarkObjects: 4.334900 ms  DeleteObjects: 2.857100 ms)

Prepare: number of updated asset objects reloaded= 0
========================================================================
Received Import Request.
  Time since last request: 147.089273 seconds.
  path: Assets/RPG Monster DUO PBR Polyart/Materials
  artifactKey: Guid(db3c4cad7eb443638fdac9a47092657c) Importer(815301076,1909f56bfc062723c751e8b465ee728b)
Start importing Assets/RPG Monster DUO PBR Polyart/Materials using Guid(db3c4cad7eb443638fdac9a47092657c) Importer(815301076,1909f56bfc062723c751e8b465ee728b) (PreviewImporter) -> (artifact id: 'd0222d68a4109e50ad9d17c8aceb56ae') in 0.0146168 seconds
Number of updated asset objects reloaded before import = 0Number of asset objects unloaded after import = 0

========================================================================
Received Import Request.
  Time since last request: 1.520203 seconds.
  path: Assets/RPG Monster DUO PBR Polyart/Meshes/SlimeMesh.fbx
  artifactKey: Guid(6520c6d7889f4c72b416f07f34edd515) Importer(815301076,1909f56bfc062723c751e8b465ee728b)
Start importing Assets/RPG Monster DUO PBR Polyart/Meshes/SlimeMesh.fbx using Guid(6520c6d7889f4c72b416f07f34edd515) Importer(815301076,1909f56bfc062723c751e8b465ee728b) (PreviewImporter) -> (artifact id: '1af05a4f4a7e3a754af4bd7b4c7e4960') in 0.5948498 seconds
Number of updated asset objects reloaded before import = 0Number of asset objects unloaded after import = 30

========================================================================
Received Import Request.
  Time since last request: 0.000041 seconds.
  path: Assets/RPG Monster DUO PBR Polyart/Meshes/TurtleShellPolyartMesh.fbx
  artifactKey: Guid(942e6d5330e147fe84c5ab6ab2193ca1) Importer(815301076,1909f56bfc062723c751e8b465ee728b)
Start importing Assets/RPG Monster DUO PBR Polyart/Meshes/TurtleShellPolyartMesh.fbx using Guid(942e6d5330e147fe84c5ab6ab2193ca1) Importer(815301076,1909f56bfc062723c751e8b465ee728b) (PreviewImporter) -> (artifact id: '0c5f5ea099bcb5b526898d105518d7d9') in 0.0273924 seconds
Number of updated asset objects reloaded before import = 0Number of asset objects unloaded after import = 70

========================================================================
Received Import Request.
  Time since last request: 0.000045 seconds.
  path: Assets/RPG Monster DUO PBR Polyart/Meshes/StageMesh.fbx
  artifactKey: Guid(b81abefeba724bd89c755de785efd017) Importer(815301076,1909f56bfc062723c751e8b465ee728b)
Start importing Assets/RPG Monster DUO PBR Polyart/Meshes/StageMesh.fbx using Guid(b81abefeba724bd89c755de785efd017) Importer(815301076,1909f56bfc062723c751e8b465ee728b) (PreviewImporter) -> (artifact id: '6763a7e46c44e6baf02ec99844ffdfde') in 0.015162 seconds
Number of updated asset objects reloaded before import = 0Number of asset objects unloaded after import = 7

========================================================================
Received Prepare
Refreshing native plugins compatible for Editor in 4.90 ms, found 6 plugins.
Preloading 2 native plugins for Editor in 0.15 ms.
Unloading 18 Unused Serialized files (Serialized files now loaded: 0)
Unloading 19 unused Assets / (2.7 MB). Loaded Objects now: 7207.
Memory consumption went from 284.5 MB to 281.8 MB.
Total: 86.111900 ms (FindLiveObjects: 0.959400 ms CreateObjectMapping: 0.212600 ms MarkObjects: 83.834700 ms  DeleteObjects: 1.103000 ms)

Prepare: number of updated asset objects reloaded= 172
AssetImportParameters requested are different than current active one (requested -> active):
  buildTarget: platform 13, subtarget 0, extendedPlatform 0 -> platform 19, subtarget 2, extendedPlatform 0
  graphicsApiMask: 2099200 -> 4
========================================================================
Received Prepare
Refreshing native plugins compatible for Editor in 6.65 ms, found 6 plugins.
Preloading 2 native plugins for Editor in 0.17 ms.
Unloading 18 Unused Serialized files (Serialized files now loaded: 0)
Unloading 18 unused Assets / (2.7 MB). Loaded Objects now: 7207.
Memory consumption went from 284.7 MB to 282.0 MB.
Total: 11.495100 ms (FindLiveObjects: 0.643300 ms CreateObjectMapping: 0.608000 ms MarkObjects: 8.791600 ms  DeleteObjects: 1.449900 ms)

Prepare: number of updated asset objects reloaded= 0
AssetImportParameters requested are different than current active one (requested -> active):
  buildTarget: platform 13, subtarget 0, extendedPlatform 0 -> platform 19, subtarget 2, extendedPlatform 0
  graphicsApiMask: 2099200 -> 4
========================================================================
Received Prepare
Begin MonoManager ReloadAssembly
Symbol file LoadedFromMemory is not a mono symbol file
- Loaded All Assemblies, in  3.549 seconds
Refreshing native plugins compatible for Editor in 2.82 ms, found 6 plugins.
Native extension for iOS target not found
Native extension for Android target not found
Native extension for UWP target not found
Native extension for WindowsStandalone target not found
Native extension for OSXStandalone target not found
Native extension for WebGL target not found
Mono: successfully reloaded assembly
- Finished resetting the current domain, in  0.811 seconds
Domain Reload Profiling: 4342ms
	BeginReloadAssembly (1353ms)
		ExecutionOrderSort (0ms)
		DisableScriptedObjects (223ms)
		BackupInstance (0ms)
		ReleaseScriptingObjects (1ms)
		CreateAndSetChildDomain (447ms)
	RebuildCommonClasses (120ms)
	RebuildNativeTypeToScriptingClass (23ms)
	initialDomainReloadingComplete (146ms)
	LoadAllAssembliesAndSetupDomain (1887ms)
		LoadAssemblies (1993ms)
		RebuildTransferFunctionScriptingTraits (0ms)
		AnalyzeDomain (395ms)
			TypeCache.Refresh (228ms)
				TypeCache.ScanAssembly (174ms)
			BuildScriptInfoCaches (141ms)
			ResolveRequiredComponents (21ms)
	FinalizeReload (812ms)
		ReleaseScriptCaches (0ms)
		RebuildScriptCaches (0ms)
		SetupLoadedEditorAssemblies (545ms)
			LogAssemblyErrors (0ms)
			InitializePlatformSupportModulesInManaged (33ms)
			SetLoadedEditorAssemblies (6ms)
			BeforeProcessingInitializeOnLoad (61ms)
			ProcessInitializeOnLoadAttributes (390ms)
			ProcessInitializeOnLoadMethodAttributes (47ms)
			AfterProcessingInitializeOnLoad (8ms)
			EditorAssembliesLoaded (0ms)
		ExecutionOrderSort2 (0ms)
		AwakeInstancesAfterBackupRestoration (10ms)
Refreshing native plugins compatible for Editor in 3.25 ms, found 6 plugins.
Preloading 2 native plugins for Editor in 0.09 ms.
Unloading 18 Unused Serialized files (Serialized files now loaded: 0)
Unloading 6065 unused Assets / (4.6 MB). Loaded Objects now: 7089.
Memory consumption went from 283.5 MB to 278.9 MB.
Total: 6.974700 ms (FindLiveObjects: 0.498900 ms CreateObjectMapping: 0.489800 ms MarkObjects: 4.061600 ms  DeleteObjects: 1.922900 ms)

Prepare: number of updated asset objects reloaded= 0
========================================================================
Received Import Request.
  Time since last request: 6901.312856 seconds.
  path: Assets/TextMesh Pro/Examples & Extras/Scripts/TextConsoleSimulator.cs
  artifactKey: Guid(43bcd35a1c0c40ccb6d472893fe2093f) Importer(815301076,1909f56bfc062723c751e8b465ee728b)
Start importing Assets/TextMesh Pro/Examples & Extras/Scripts/TextConsoleSimulator.cs using Guid(43bcd35a1c0c40ccb6d472893fe2093f) Importer(815301076,1909f56bfc062723c751e8b465ee728b) (PreviewImporter) -> (artifact id: 'b0ca35ada0c56f57335794bcc6a8af02') in 0.1157147 seconds
Number of updated asset objects reloaded before import = 0Number of asset objects unloaded after import = 0

========================================================================
Received Import Request.
  Time since last request: 0.065006 seconds.
  path: Assets/RealtimeRascals_Facetracking/Shanks_Frog/Textures/Shanks_Frog/Shanks_InnerMouth_Normal.tga
  artifactKey: Guid(6c0454f7d3aa6954ca2df21d7b480d9c) Importer(815301076,1909f56bfc062723c751e8b465ee728b)
Start importing Assets/RealtimeRascals_Facetracking/Shanks_Frog/Textures/Shanks_Frog/Shanks_InnerMouth_Normal.tga using Guid(6c0454f7d3aa6954ca2df21d7b480d9c) Importer(815301076,1909f56bfc062723c751e8b465ee728b) (PreviewImporter) -> (artifact id: '4a43b9be27a22261330a57ec3a2a28f6') in 0.1263451 seconds
Number of updated asset objects reloaded before import = 0Number of asset objects unloaded after import = 2

========================================================================
Received Import Request.
  Time since last request: 0.040104 seconds.
  path: Assets/ADG_Textures/ground_vol1/ground2/ground2.mat
  artifactKey: Guid(88d4b65b6d484a1459f780db4b3edd0d) Importer(2089858483,192608db42251d675da83286b1cce702)
Start importing Assets/ADG_Textures/ground_vol1/ground2/ground2.mat using Guid(88d4b65b6d484a1459f780db4b3edd0d) Importer(2089858483,192608db42251d675da83286b1cce702) (ScriptedImporter) -> (artifact id: '1ce5f9775edc9221ac24322a7961c57f') in 0.3475221 seconds
Number of updated asset objects reloaded before import = 0Number of asset objects unloaded after import = 5

========================================================================
Received Import Request.
  Time since last request: 0.000020 seconds.
  path: Assets/ADG_Textures/ground_vol1/ground8/ground8.mat
  artifactKey: Guid(57208e3c02c59dc4bba6832237467e57) Importer(2089858483,192608db42251d675da83286b1cce702)
Start importing Assets/ADG_Textures/ground_vol1/ground8/ground8.mat using Guid(57208e3c02c59dc4bba6832237467e57) Importer(2089858483,192608db42251d675da83286b1cce702) (ScriptedImporter) -> (artifact id: 'ff5cd478e15f3cc302f48c46bd39e846') in 0.2025701 seconds
Number of updated asset objects reloaded before import = 0Number of asset objects unloaded after import = 5

========================================================================
Received Import Request.
  Time since last request: 0.000037 seconds.
  path: Assets/ADG_Textures/ground_vol1/ground10/ground10.mat
  artifactKey: Guid(43d91cc396861f443b5574aef062e3d3) Importer(2089858483,192608db42251d675da83286b1cce702)
Start importing Assets/ADG_Textures/ground_vol1/ground10/ground10.mat using Guid(43d91cc396861f443b5574aef062e3d3) Importer(2089858483,192608db42251d675da83286b1cce702) (ScriptedImporter) -> (artifact id: 'fb4032b85c08f861e075ad31eff064b9') in 0.1862384 seconds
Number of updated asset objects reloaded before import = 0Number of asset objects unloaded after import = 5

========================================================================
Received Import Request.
  Time since last request: 0.000024 seconds.
  path: Assets/Resources/Materials/WhatsApp Görsel 2024-12-08 saat 14.31.05_f6b69fa2.jpg
  artifactKey: Guid(380b035f6cbdea04291d6bf3b5b8d858) Importer(2089858483,192608db42251d675da83286b1cce702)
Start importing Assets/Resources/Materials/WhatsApp Görsel 2024-12-08 saat 14.31.05_f6b69fa2.jpg using Guid(380b035f6cbdea04291d6bf3b5b8d858) Importer(2089858483,192608db42251d675da83286b1cce702) (ScriptedImporter) -> (artifact id: '4e75f81cccd908df7ad82d5a9a99da04') in 0.0576521 seconds
Number of updated asset objects reloaded before import = 0Number of asset objects unloaded after import = 1

========================================================================
Received Import Request.
  Time since last request: 0.000029 seconds.
  path: Assets/TextMesh Pro/Examples & Extras/Resources/Fonts & Materials/Anton SDF.asset
  artifactKey: Guid(8a89fa14b10d46a99122fd4f73fca9a2) Importer(2089858483,192608db42251d675da83286b1cce702)
Start importing Assets/TextMesh Pro/Examples & Extras/Resources/Fonts & Materials/Anton SDF.asset using Guid(8a89fa14b10d46a99122fd4f73fca9a2) Importer(2089858483,192608db42251d675da83286b1cce702) (ScriptedImporter) -> (artifact id: 'a5ed58d99f289d854055b9dcf1d2994c') in 0.0708985 seconds
Number of updated asset objects reloaded before import = 0Number of asset objects unloaded after import = 5

========================================================================
Received Import Request.
  Time since last request: 0.000023 seconds.
  path: Assets/StreamingAssets/Vuforia/MatematikAvi_Database.xml
  artifactKey: Guid(7b8699b570a84f13aed7c580a5568ff1) Importer(2089858483,192608db42251d675da83286b1cce702)
Start importing Assets/StreamingAssets/Vuforia/MatematikAvi_Database.xml using Guid(7b8699b570a84f13aed7c580a5568ff1) Importer(2089858483,192608db42251d675da83286b1cce702) (ScriptedImporter) -> (artifact id: '504b0054da9f1e72ac99a73b4849651f') in 0.0056511 seconds
Number of updated asset objects reloaded before import = 0Number of asset objects unloaded after import = 1

========================================================================
Received Import Request.
  Time since last request: 0.000019 seconds.
  path: Assets/Editor/Vuforia/ImageTargetTextures/MatematikAvi_Database/gemi11_scaled.jpg
  artifactKey: Guid(2cc1c21c4d614e43bac22c71053c5733) Importer(2089858483,192608db42251d675da83286b1cce702)
Start importing Assets/Editor/Vuforia/ImageTargetTextures/MatematikAvi_Database/gemi11_scaled.jpg using Guid(2cc1c21c4d614e43bac22c71053c5733) Importer(2089858483,192608db42251d675da83286b1cce702) (ScriptedImporter) -> (artifact id: 'c8d1f0f9141d8caa177d6e0d79919a8e') in 0.0271149 seconds
Number of updated asset objects reloaded before import = 0Number of asset objects unloaded after import = 1

========================================================================
Received Import Request.
  Time since last request: 0.000018 seconds.
  path: Assets/#NVJOB Water Shaders V2/Example Scenes/Environment/Lighthouse/Materials/1.mat
  artifactKey: Guid(ea5fca34bfca46058be76a8447d07b29) Importer(2089858483,192608db42251d675da83286b1cce702)
Start importing Assets/#NVJOB Water Shaders V2/Example Scenes/Environment/Lighthouse/Materials/1.mat using Guid(ea5fca34bfca46058be76a8447d07b29) Importer(2089858483,192608db42251d675da83286b1cce702) (ScriptedImporter) -> (artifact id: '477b8bb6627da4c6a2e165e17d313b5c') in 0.0162386 seconds
Number of updated asset objects reloaded before import = 0Number of asset objects unloaded after import = 2

========================================================================
Received Import Request.
  Time since last request: 0.000028 seconds.
  path: Assets/CubePeopleDemo/Materials/Ch/Head/Ch_0CPF00_Head00R.mat
  artifactKey: Guid(60215d06ca01a11499907f7f4efb4bed) Importer(2089858483,192608db42251d675da83286b1cce702)
Start importing Assets/CubePeopleDemo/Materials/Ch/Head/Ch_0CPF00_Head00R.mat using Guid(60215d06ca01a11499907f7f4efb4bed) Importer(2089858483,192608db42251d675da83286b1cce702) (ScriptedImporter) -> (artifact id: '9f62495247e4cfa9eceb61bec27cec46') in 0.0758208 seconds
Number of updated asset objects reloaded before import = 0Number of asset objects unloaded after import = 3

========================================================================
Received Import Request.
  Time since last request: 0.000020 seconds.
  path: Assets/CubePeopleDemo/Materials/Ch/Head/Ch_0CPF00_Head00P.mat
  artifactKey: Guid(542afeb1107014e43820105b22d38ce5) Importer(2089858483,192608db42251d675da83286b1cce702)
Start importing Assets/CubePeopleDemo/Materials/Ch/Head/Ch_0CPF00_Head00P.mat using Guid(542afeb1107014e43820105b22d38ce5) Importer(2089858483,192608db42251d675da83286b1cce702) (ScriptedImporter) -> (artifact id: '33a28e91bb40ad5fae94c27465abd4c1') in 0.0140545 seconds
Number of updated asset objects reloaded before import = 0Number of asset objects unloaded after import = 3

Editor requested this worker to shutdown with reason: Scaling down because of idle timeout
AssetImportWorker is now disconnected from the server
Process exiting
Exiting without the bug reporter. Application will terminate with return code 0