Using pre-set license
Built from '6000.0/staging' branch; Version is '6000.0.26f1 (ccb7c73d2c02) revision 13416391'; Using compiler version '193933523'; Build Type 'Release'
OS: 'Windows 11  (10.0.22631) 64bit CoreSingleLanguage' Language: 'tr' Physical Memory: 16022 MB
BatchMode: 1, IsHumanControllingUs: 0, StartBugReporterOnCrash: 0, Is64bit: 1, IsPro: 1

COMMAND LINE ARGUMENTS:
C:\Program Files\Unity\Hub\Editor\6000.0.26f1\Editor\Unity.exe
-adb2
-batchMode
-noUpm
-name
AssetImportWorker23
-projectPath
C:/Users/1must/Desktop/AR_Projem
-logFile
Logs/AssetImportWorker23.log
-srvPort
58478
-job-worker-count
11
-background-job-worker-count
8
-asset-garbage-collectors
1
Successfully changed project path to: C:/Users/1must/Desktop/AR_Projem
C:/Users/1must/Desktop/AR_Projem
[UnityMemory] Configuration Parameters - Can be set up in boot.config
    "memorysetup-bucket-allocator-granularity=16"
    "memorysetup-bucket-allocator-bucket-count=8"
    "memorysetup-bucket-allocator-block-size=33554432"
    "memorysetup-bucket-allocator-block-count=8"
    "memorysetup-main-allocator-block-size=16777216"
    "memorysetup-thread-allocator-block-size=16777216"
    "memorysetup-gfx-main-allocator-block-size=16777216"
    "memorysetup-gfx-thread-allocator-block-size=16777216"
    "memorysetup-cache-allocator-block-size=4194304"
    "memorysetup-typetree-allocator-block-size=2097152"
    "memorysetup-profiler-bucket-allocator-granularity=16"
    "memorysetup-profiler-bucket-allocator-bucket-count=8"
    "memorysetup-profiler-bucket-allocator-block-size=33554432"
    "memorysetup-profiler-bucket-allocator-block-count=8"
    "memorysetup-profiler-allocator-block-size=16777216"
    "memorysetup-profiler-editor-allocator-block-size=1048576"
    "memorysetup-temp-allocator-size-main=16777216"
    "memorysetup-job-temp-allocator-block-size=2097152"
    "memorysetup-job-temp-allocator-block-size-background=1048576"
    "memorysetup-job-temp-allocator-reduction-small-platforms=262144"
    "memorysetup-allocator-temp-initial-block-size-main=262144"
    "memorysetup-allocator-temp-initial-block-size-worker=262144"
    "memorysetup-temp-allocator-size-background-worker=32768"
    "memorysetup-temp-allocator-size-job-worker=262144"
    "memorysetup-temp-allocator-size-preload-manager=33554432"
    "memorysetup-temp-allocator-size-nav-mesh-worker=65536"
    "memorysetup-temp-allocator-size-audio-worker=65536"
    "memorysetup-temp-allocator-size-cloud-worker=32768"
    "memorysetup-temp-allocator-size-gi-baking-worker=262144"
    "memorysetup-temp-allocator-size-gi-baking-worker=262144"
    "memorysetup-temp-allocator-size-gi-baking-worker=262144"
    "memorysetup-temp-allocator-size-gi-baking-worker=262144"
    "memorysetup-temp-allocator-size-gi-baking-worker=262144"
    "memorysetup-temp-allocator-size-gfx=262144"
Player connection [31848]  Target information:

Player connection [31848]  * "[IP] 192.168.1.156 [Port] 0 [Flags] 2 [Guid] 1783223892 [EditorId] 1783223892 [Version] 1048832 [Id] WindowsEditor(7,MustafaVRL) [Debug] 1 [PackageName] WindowsEditor [ProjectName] Editor" 

Player connection [31848] Host joined multi-casting on [225.0.0.222:54997]...
Player connection [31848] Host joined alternative multi-casting on [225.0.0.222:34997]...
JobSystem: Creating JobQueue using job-worker-count value 11
[Physics::Module] Initialized fallback backend.
[Physics::Module] Id: 0xdecafbad
Library Redirect Path: Library/
[Physics::Module] Selected backend.
[Physics::Module] Name: PhysX
[Physics::Module] Id: 0xf2b8ea05
[Physics::Module] SDK Version: 4.1.2
[Physics::Module] Integration Version: 1.0.0
[Physics::Module] Threading Mode: Multi-Threaded
Refreshing native plugins compatible for Editor in 11.55 ms, found 6 plugins.
Preloading 2 native plugins for Editor in 6.31 ms.
Initialize engine version: 6000.0.26f1 (ccb7c73d2c02)
[Subsystems] Discovering subsystems at path C:/Program Files/Unity/Hub/Editor/6000.0.26f1/Editor/Data/Resources/UnitySubsystems
[Subsystems] Discovering subsystems at path C:/Users/1must/Desktop/AR_Projem/Assets
GfxDevice: creating device client; kGfxThreadingModeNonThreaded
Direct3D:
    Version:  Direct3D 11.0 [level 11.1]
    Renderer: NVIDIA GeForce RTX 4060 Laptop GPU (ID=0x28a0)
    Vendor:   NVIDIA
    VRAM:     7957 MB
    Driver:   32.0.15.5613
Initialize mono
Mono path[0] = 'C:/Program Files/Unity/Hub/Editor/6000.0.26f1/Editor/Data/Managed'
Mono path[1] = 'C:/Program Files/Unity/Hub/Editor/6000.0.26f1/Editor/Data/MonoBleedingEdge/lib/mono/unityjit-win32'
Mono config path = 'C:/Program Files/Unity/Hub/Editor/6000.0.26f1/Editor/Data/MonoBleedingEdge/etc'
Using monoOptions --debugger-agent=transport=dt_socket,embedding=1,server=y,suspend=n,address=127.0.0.1:56112
Begin MonoManager ReloadAssembly
Registering precompiled unity dll's ...
Register platform support module: C:/Program Files/Unity/Hub/Editor/6000.0.26f1/Editor/Data/PlaybackEngines/WebGLSupport/UnityEditor.WebGL.Extensions.dll
Register platform support module: C:/Program Files/Unity/Hub/Editor/6000.0.26f1/Editor/Data/PlaybackEngines/MacStandaloneSupport/UnityEditor.OSXStandalone.Extensions.dll
Register platform support module: C:/Program Files/Unity/Hub/Editor/6000.0.26f1/Editor/Data/PlaybackEngines/WindowsStandaloneSupport/UnityEditor.WindowsStandalone.Extensions.dll
Register platform support module: C:/Program Files/Unity/Hub/Editor/6000.0.26f1/Editor/Data/PlaybackEngines/MetroSupport/UnityEditor.UWP.Extensions.dll
Register platform support module: C:/Program Files/Unity/Hub/Editor/6000.0.26f1/Editor/Data/PlaybackEngines/AndroidPlayer/UnityEditor.Android.Extensions.dll
Register platform support module: C:/Program Files/Unity/Hub/Editor/6000.0.26f1/Editor/Data/PlaybackEngines/iOSSupport/UnityEditor.iOS.Extensions.dll
Registered in 0.027978 seconds.
- Loaded All Assemblies, in  1.031 seconds
[usbmuxd] Start listen thread
[usbmuxd] Listen thread started
Native extension for iOS target not found
Native extension for Android target not found
Android Extension - Scanning For ADB Devices 1983 ms
Native extension for UWP target not found
Native extension for WindowsStandalone target not found
Native extension for OSXStandalone target not found
Native extension for WebGL target not found
Mono: successfully reloaded assembly
- Finished resetting the current domain, in  3.125 seconds
Domain Reload Profiling: 4143ms
	BeginReloadAssembly (342ms)
		ExecutionOrderSort (0ms)
		DisableScriptedObjects (0ms)
		BackupInstance (0ms)
		ReleaseScriptingObjects (0ms)
		CreateAndSetChildDomain (2ms)
	RebuildCommonClasses (81ms)
	RebuildNativeTypeToScriptingClass (25ms)
	initialDomainReloadingComplete (151ms)
	LoadAllAssembliesAndSetupDomain (418ms)
		LoadAssemblies (330ms)
		RebuildTransferFunctionScriptingTraits (0ms)
		AnalyzeDomain (409ms)
			TypeCache.Refresh (405ms)
				TypeCache.ScanAssembly (377ms)
			BuildScriptInfoCaches (1ms)
			ResolveRequiredComponents (2ms)
	FinalizeReload (3127ms)
		ReleaseScriptCaches (0ms)
		RebuildScriptCaches (0ms)
		SetupLoadedEditorAssemblies (2994ms)
			LogAssemblyErrors (0ms)
			InitializePlatformSupportModulesInManaged (2355ms)
			SetLoadedEditorAssemblies (10ms)
			BeforeProcessingInitializeOnLoad (15ms)
			ProcessInitializeOnLoadAttributes (388ms)
			ProcessInitializeOnLoadMethodAttributes (218ms)
			AfterProcessingInitializeOnLoad (8ms)
			EditorAssembliesLoaded (0ms)
		ExecutionOrderSort2 (0ms)
		AwakeInstancesAfterBackupRestoration (0ms)
========================================================================
Worker process is ready to serve import requests
Import Worker Mode flag is 0x00
Begin MonoManager ReloadAssembly
Symbol file LoadedFromMemory is not a mono symbol file
- Loaded All Assemblies, in  3.469 seconds
Refreshing native plugins compatible for Editor in 13.90 ms, found 6 plugins.
Native extension for iOS target not found
Native extension for Android target not found
Native extension for UWP target not found
Native extension for WindowsStandalone target not found
Native extension for OSXStandalone target not found
Native extension for WebGL target not found
Mono: successfully reloaded assembly
- Finished resetting the current domain, in  3.136 seconds
Domain Reload Profiling: 6547ms
	BeginReloadAssembly (1455ms)
		ExecutionOrderSort (0ms)
		DisableScriptedObjects (13ms)
		BackupInstance (0ms)
		ReleaseScriptingObjects (0ms)
		CreateAndSetChildDomain (59ms)
	RebuildCommonClasses (75ms)
	RebuildNativeTypeToScriptingClass (27ms)
	initialDomainReloadingComplete (129ms)
	LoadAllAssembliesAndSetupDomain (1723ms)
		LoadAssemblies (1199ms)
		RebuildTransferFunctionScriptingTraits (0ms)
		AnalyzeDomain (755ms)
			TypeCache.Refresh (495ms)
				TypeCache.ScanAssembly (440ms)
			BuildScriptInfoCaches (223ms)
			ResolveRequiredComponents (30ms)
	FinalizeReload (3138ms)
		ReleaseScriptCaches (0ms)
		RebuildScriptCaches (0ms)
		SetupLoadedEditorAssemblies (2227ms)
			LogAssemblyErrors (0ms)
			InitializePlatformSupportModulesInManaged (74ms)
			SetLoadedEditorAssemblies (7ms)
			BeforeProcessingInitializeOnLoad (222ms)
			ProcessInitializeOnLoadAttributes (1625ms)
			ProcessInitializeOnLoadMethodAttributes (266ms)
			AfterProcessingInitializeOnLoad (34ms)
			EditorAssembliesLoaded (1ms)
		ExecutionOrderSort2 (0ms)
		AwakeInstancesAfterBackupRestoration (15ms)
Launched and connected shader compiler UnityShaderCompiler.exe after 0.02 seconds
Refreshing native plugins compatible for Editor in 14.93 ms, found 6 plugins.
Preloading 2 native plugins for Editor in 0.67 ms.
Unloading 291 Unused Serialized files (Serialized files now loaded: 0)
Unloading 6067 unused Assets / (4.9 MB). Loaded Objects now: 7022.
Memory consumption went from 304.6 MB to 299.7 MB.
Total: 22.808100 ms (FindLiveObjects: 2.851000 ms CreateObjectMapping: 1.539000 ms MarkObjects: 13.967400 ms  DeleteObjects: 4.447600 ms)

========================================================================
Received Import Request.
  Time since last request: 211725.463315 seconds.
  path: Assets/ADG_Textures/ground_vol1/ground5/ground5.mat
  artifactKey: Guid(255436391f9524147a37a599920b6a29) Importer(815301076,1909f56bfc062723c751e8b465ee728b)
Start importing Assets/ADG_Textures/ground_vol1/ground5/ground5.mat using Guid(255436391f9524147a37a599920b6a29) Importer(815301076,1909f56bfc062723c751e8b465ee728b) (PreviewImporter) -> (artifact id: 'a66680fcd7595ccbadafb731776a44c2') in 1.1979712 seconds
Number of updated asset objects reloaded before import = 0Number of asset objects unloaded after import = 5

========================================================================
Received Import Request.
  Time since last request: 0.000048 seconds.
  path: Assets/ADG_Textures/ground_vol1/ground11/ground11.mat
  artifactKey: Guid(0b9b69ec22bd9824dbcacaf79a566cdc) Importer(815301076,1909f56bfc062723c751e8b465ee728b)
Start importing Assets/ADG_Textures/ground_vol1/ground11/ground11.mat using Guid(0b9b69ec22bd9824dbcacaf79a566cdc) Importer(815301076,1909f56bfc062723c751e8b465ee728b) (PreviewImporter) -> (artifact id: '9582a347419b284a46e60acb782ddafd') in 0.066421 seconds
Number of updated asset objects reloaded before import = 0Number of asset objects unloaded after import = 5

========================================================================
Received Import Request.
  Time since last request: 0.000077 seconds.
  path: Assets/#NVJOB Water Shaders V2/Example Scenes/Environment/Island/Materials/Island 2.mat
  artifactKey: Guid(2750317320ef4fdb9508f15d9943f98d) Importer(815301076,1909f56bfc062723c751e8b465ee728b)
Start importing Assets/#NVJOB Water Shaders V2/Example Scenes/Environment/Island/Materials/Island 2.mat using Guid(2750317320ef4fdb9508f15d9943f98d) Importer(815301076,1909f56bfc062723c751e8b465ee728b) (PreviewImporter) -> (artifact id: '3988eb69d1e684e83ed18e82e8a0dc47') in 6.6503382 seconds
Number of updated asset objects reloaded before import = 0Number of asset objects unloaded after import = 6

========================================================================
Received Import Request.
  Time since last request: 0.000053 seconds.
  path: Packages/com.ptc.vuforia.engine/Vuforia/Materials/Built-In/GuideView2D.mat
  artifactKey: Guid(ab44b980790e31f4c84c4c91cdab449a) Importer(815301076,1909f56bfc062723c751e8b465ee728b)
Start importing Packages/com.ptc.vuforia.engine/Vuforia/Materials/Built-In/GuideView2D.mat using Guid(ab44b980790e31f4c84c4c91cdab449a) Importer(815301076,1909f56bfc062723c751e8b465ee728b) (PreviewImporter) -> (artifact id: '64070d445e28013239c35772a9f51750') in 0.0211115 seconds
Number of updated asset objects reloaded before import = 0Number of asset objects unloaded after import = 1

========================================================================
Received Import Request.
  Time since last request: 0.000078 seconds.
  path: Assets/RealtimeRascals_Facetracking/Apple_Panda/Textures/Apple_Panda/Materials/Apple_Panda_Innermouth_BaseColor.mat
  artifactKey: Guid(5deb42781bcc2974e835190607fb8b3d) Importer(815301076,1909f56bfc062723c751e8b465ee728b)
Start importing Assets/RealtimeRascals_Facetracking/Apple_Panda/Textures/Apple_Panda/Materials/Apple_Panda_Innermouth_BaseColor.mat using Guid(5deb42781bcc2974e835190607fb8b3d) Importer(815301076,1909f56bfc062723c751e8b465ee728b) (PreviewImporter) -> (artifact id: '3dfa34130ddbd7347e6f6a3b42dd8ac4') in 0.0208667 seconds
Number of updated asset objects reloaded before import = 0Number of asset objects unloaded after import = 2

========================================================================
Received Import Request.
  Time since last request: 0.000068 seconds.
  path: Assets/CubePeopleDemo/Materials/Ch/Head/Ch_0CPM00_Head00W.mat
  artifactKey: Guid(08d17cb9c9ea6d544b54d1930f1f40bd) Importer(815301076,1909f56bfc062723c751e8b465ee728b)
Start importing Assets/CubePeopleDemo/Materials/Ch/Head/Ch_0CPM00_Head00W.mat using Guid(08d17cb9c9ea6d544b54d1930f1f40bd) Importer(815301076,1909f56bfc062723c751e8b465ee728b) (PreviewImporter) -> (artifact id: '8a37fe5813bdaf2af410e030607a517c') in 0.0277595 seconds
Number of updated asset objects reloaded before import = 0Number of asset objects unloaded after import = 3

========================================================================
Received Import Request.
  Time since last request: 0.000043 seconds.
  path: Packages/com.ptc.vuforia.engine/Vuforia/Materials/URP/GuideView2D_URP.mat
  artifactKey: Guid(39ef188fe90ea485e927a7d5768159d9) Importer(815301076,1909f56bfc062723c751e8b465ee728b)
Start importing Packages/com.ptc.vuforia.engine/Vuforia/Materials/URP/GuideView2D_URP.mat using Guid(39ef188fe90ea485e927a7d5768159d9) Importer(815301076,1909f56bfc062723c751e8b465ee728b) (PreviewImporter) -> (artifact id: '3b0613331a324ca8ca298003f1fc58d8') in 0.1810443 seconds
Number of updated asset objects reloaded before import = 0Number of asset objects unloaded after import = 2

========================================================================
Received Import Request.
  Time since last request: 0.000057 seconds.
  path: Assets/CubePeopleDemo/Materials/Eff/Eff_Glow00.mat
  artifactKey: Guid(ba76a4c6dc90fa54b979e14a185c12c5) Importer(815301076,1909f56bfc062723c751e8b465ee728b)
Start importing Assets/CubePeopleDemo/Materials/Eff/Eff_Glow00.mat using Guid(ba76a4c6dc90fa54b979e14a185c12c5) Importer(815301076,1909f56bfc062723c751e8b465ee728b) (PreviewImporter) -> (artifact id: 'de662c703b17a5a71e27c71f10d8ae75') in 0.0675685 seconds
Number of updated asset objects reloaded before import = 0Number of asset objects unloaded after import = 2

========================================================================
Received Import Request.
  Time since last request: 0.000087 seconds.
  path: Packages/com.ptc.vuforia.engine/Vuforia/Materials/URP/BarcodeOutlineMaterial_URP.mat
  artifactKey: Guid(94257c524bead472cb0a3e2d584e093e) Importer(815301076,1909f56bfc062723c751e8b465ee728b)
Start importing Packages/com.ptc.vuforia.engine/Vuforia/Materials/URP/BarcodeOutlineMaterial_URP.mat using Guid(94257c524bead472cb0a3e2d584e093e) Importer(815301076,1909f56bfc062723c751e8b465ee728b) (PreviewImporter) -> (artifact id: 'ea211267b1e2c4c8b63c22e8efc4606d') in 3.9529291 seconds
Number of updated asset objects reloaded before import = 0Number of asset objects unloaded after import = 2

========================================================================
Received Import Request.
  Time since last request: 153.081995 seconds.
  path: Assets/TextMesh Pro/Examples & Extras/Resources/Fonts & Materials/LiberationSans SDF - Metalic Green.mat
  artifactKey: Guid(8b29aaa3eec7468097ff07adfcf29ac9) Importer(815301076,1909f56bfc062723c751e8b465ee728b)
Start importing Assets/TextMesh Pro/Examples & Extras/Resources/Fonts & Materials/LiberationSans SDF - Metalic Green.mat using Guid(8b29aaa3eec7468097ff07adfcf29ac9) Importer(815301076,1909f56bfc062723c751e8b465ee728b) (PreviewImporter) -> (artifact id: 'cf513a6ca95bbf1c3a32b51d08c5e49a') in 0.1180774 seconds
Number of updated asset objects reloaded before import = 0Number of asset objects unloaded after import = 4

========================================================================
Received Import Request.
  Time since last request: 0.000033 seconds.
  path: Assets/TextMesh Pro/Resources/Fonts & Materials/LiberationSans SDF - Outline.mat
  artifactKey: Guid(79459efec17a4d00a321bdcc27bbc385) Importer(815301076,1909f56bfc062723c751e8b465ee728b)
Start importing Assets/TextMesh Pro/Resources/Fonts & Materials/LiberationSans SDF - Outline.mat using Guid(79459efec17a4d00a321bdcc27bbc385) Importer(815301076,1909f56bfc062723c751e8b465ee728b) (PreviewImporter) -> (artifact id: 'df975d583c922a0bf23c546a8797f678') in 0.0607 seconds
Number of updated asset objects reloaded before import = 0Number of asset objects unloaded after import = 2

========================================================================
Received Import Request.
  Time since last request: 0.039518 seconds.
  path: Assets/Cobra Games Studio/Low Poly Bus Pack/Materials/lights_front.mat
  artifactKey: Guid(e864e8d6813f6be48ad041cb61bed440) Importer(815301076,1909f56bfc062723c751e8b465ee728b)
Start importing Assets/Cobra Games Studio/Low Poly Bus Pack/Materials/lights_front.mat using Guid(e864e8d6813f6be48ad041cb61bed440) Importer(815301076,1909f56bfc062723c751e8b465ee728b) (PreviewImporter) -> (artifact id: '825cfa9f114568e3d9916ceb0269b23a') in 0.0093291 seconds
Number of updated asset objects reloaded before import = 0Number of asset objects unloaded after import = 1

========================================================================
Received Import Request.
  Time since last request: 0.116396 seconds.
  path: Assets/Cobra Games Studio/Low Poly Bus Pack/Materials/lights_turn.mat
  artifactKey: Guid(898c05be077d8c54fbb1550a398fc4e8) Importer(815301076,1909f56bfc062723c751e8b465ee728b)
Start importing Assets/Cobra Games Studio/Low Poly Bus Pack/Materials/lights_turn.mat using Guid(898c05be077d8c54fbb1550a398fc4e8) Importer(815301076,1909f56bfc062723c751e8b465ee728b) (PreviewImporter) -> (artifact id: '7d1d1ce7e89573a77da46eca5d2bbc7c') in 0.0102336 seconds
Number of updated asset objects reloaded before import = 0Number of asset objects unloaded after import = 1

========================================================================
Received Import Request.
  Time since last request: 0.102878 seconds.
  path: Assets/Cobra Games Studio/Low Poly Bus Pack/Materials/lights_rear.mat
  artifactKey: Guid(28818b83232f21a4fabd24342fdc56fa) Importer(815301076,1909f56bfc062723c751e8b465ee728b)
Start importing Assets/Cobra Games Studio/Low Poly Bus Pack/Materials/lights_rear.mat using Guid(28818b83232f21a4fabd24342fdc56fa) Importer(815301076,1909f56bfc062723c751e8b465ee728b) (PreviewImporter) -> (artifact id: '5302470e68553ef758a69a8c3c71011e') in 0.0100164 seconds
Number of updated asset objects reloaded before import = 0Number of asset objects unloaded after import = 1

========================================================================
Received Import Request.
  Time since last request: 0.090791 seconds.
  path: Assets/Quirky Series Ultimate/FREE/Animations/Herring_Animations.fbx
  artifactKey: Guid(0b04b4ee27b36df4c94e4df3ea384a9f) Importer(815301076,1909f56bfc062723c751e8b465ee728b)
Start importing Assets/Quirky Series Ultimate/FREE/Animations/Herring_Animations.fbx using Guid(0b04b4ee27b36df4c94e4df3ea384a9f) Importer(815301076,1909f56bfc062723c751e8b465ee728b) (PreviewImporter) -> (artifact id: '1f9000d75e6e4d787bca0de44cdc3662') in 0.1036721 seconds
Number of updated asset objects reloaded before import = 0Number of asset objects unloaded after import = 49

========================================================================
Received Import Request.
  Time since last request: 0.000057 seconds.
  path: Assets/Quirky Series Ultimate/FREE/Materials/M_Muskrat.mat
  artifactKey: Guid(71824330e53acb448a9f9c1f4cfc7aee) Importer(815301076,1909f56bfc062723c751e8b465ee728b)
Start importing Assets/Quirky Series Ultimate/FREE/Materials/M_Muskrat.mat using Guid(71824330e53acb448a9f9c1f4cfc7aee) Importer(815301076,1909f56bfc062723c751e8b465ee728b) (PreviewImporter) -> (artifact id: '3adebf2fc714c2d1c0efc339c1d28d8f') in 0.0123697 seconds
Number of updated asset objects reloaded before import = 0Number of asset objects unloaded after import = 2

========================================================================
Received Import Request.
  Time since last request: 0.000087 seconds.
  path: Assets/Quirky Series Ultimate/FREE/Animations/Colobus_Animations.fbx
  artifactKey: Guid(b7b20bc931c427e46a8b1918db64e552) Importer(815301076,1909f56bfc062723c751e8b465ee728b)
Start importing Assets/Quirky Series Ultimate/FREE/Animations/Colobus_Animations.fbx using Guid(b7b20bc931c427e46a8b1918db64e552) Importer(815301076,1909f56bfc062723c751e8b465ee728b) (PreviewImporter) -> (artifact id: '7b2d126af70b7d67e5737a44cc1478ce') in 0.0407534 seconds
Number of updated asset objects reloaded before import = 0Number of asset objects unloaded after import = 52

========================================================================
Received Import Request.
  Time since last request: 0.000045 seconds.
  path: Assets/Quirky Series Ultimate/FREE/Materials/M_Colobus.mat
  artifactKey: Guid(fd1c8abba3cacb847a1c1796d0d8257d) Importer(815301076,1909f56bfc062723c751e8b465ee728b)
Start importing Assets/Quirky Series Ultimate/FREE/Materials/M_Colobus.mat using Guid(fd1c8abba3cacb847a1c1796d0d8257d) Importer(815301076,1909f56bfc062723c751e8b465ee728b) (PreviewImporter) -> (artifact id: '461e48f77292b44fd0a006afd7ddc9a4') in 0.0109421 seconds
Number of updated asset objects reloaded before import = 0Number of asset objects unloaded after import = 2

========================================================================
Received Import Request.
  Time since last request: 8.423060 seconds.
  path: Assets/Quirky Series Ultimate/FREE/Materials/M_Taipan.mat
  artifactKey: Guid(9ac546314689e854b8fe7a04dee1fc86) Importer(815301076,1909f56bfc062723c751e8b465ee728b)
Start importing Assets/Quirky Series Ultimate/FREE/Materials/M_Taipan.mat using Guid(9ac546314689e854b8fe7a04dee1fc86) Importer(815301076,1909f56bfc062723c751e8b465ee728b) (PreviewImporter) -> (artifact id: '78507f658642fafd0240f611eba6d509') in 0.0249317 seconds
Number of updated asset objects reloaded before import = 0Number of asset objects unloaded after import = 2

========================================================================
Received Import Request.
  Time since last request: 0.000054 seconds.
  path: Assets/RealtimeRascals_Facetracking/Apple_Panda/Materials/Apple_Costumed/mat_Apple_Costumed_body.mat
  artifactKey: Guid(91df673aa2f180b41949f402319f6a70) Importer(815301076,1909f56bfc062723c751e8b465ee728b)
Start importing Assets/RealtimeRascals_Facetracking/Apple_Panda/Materials/Apple_Costumed/mat_Apple_Costumed_body.mat using Guid(91df673aa2f180b41949f402319f6a70) Importer(815301076,1909f56bfc062723c751e8b465ee728b) (PreviewImporter) -> (artifact id: '6a524ea2ef2711353b2fc5a00acd583e') in 0.0374518 seconds
Number of updated asset objects reloaded before import = 0Number of asset objects unloaded after import = 4

========================================================================
Received Import Request.
  Time since last request: 15.885192 seconds.
  path: Assets/RealtimeRascals_Facetracking/Apple_Panda/Materials/Apple_Panda/mat_Apple_Panda_body.mat
  artifactKey: Guid(f45dece376995e842835e2396e22e855) Importer(815301076,1909f56bfc062723c751e8b465ee728b)
Start importing Assets/RealtimeRascals_Facetracking/Apple_Panda/Materials/Apple_Panda/mat_Apple_Panda_body.mat using Guid(f45dece376995e842835e2396e22e855) Importer(815301076,1909f56bfc062723c751e8b465ee728b) (PreviewImporter) -> (artifact id: 'fce2e0b86daa7eba762828d1b1e0ee1b') in 0.0221103 seconds
Number of updated asset objects reloaded before import = 0Number of asset objects unloaded after import = 4

========================================================================
Received Import Request.
  Time since last request: 0.000033 seconds.
  path: Assets/RealtimeRascals_Facetracking/Apple_Panda/Materials/Apple_Panda/mat_Apple_Panda_Sclera_shd.mat
  artifactKey: Guid(74d1b4fed21aee34da74c30e9eec2f99) Importer(815301076,1909f56bfc062723c751e8b465ee728b)
Start importing Assets/RealtimeRascals_Facetracking/Apple_Panda/Materials/Apple_Panda/mat_Apple_Panda_Sclera_shd.mat using Guid(74d1b4fed21aee34da74c30e9eec2f99) Importer(815301076,1909f56bfc062723c751e8b465ee728b) (PreviewImporter) -> (artifact id: '11ad7c6ebd2bd85ee027f99dcbe16820') in 0.016599 seconds
Number of updated asset objects reloaded before import = 0Number of asset objects unloaded after import = 4

========================================================================
Received Import Request.
  Time since last request: 0.149345 seconds.
  path: Assets/RealtimeRascals_Facetracking/Jasper_Badger/Materials/Jasper the Badger Suit/mat_Jasper_Suit_body.mat
  artifactKey: Guid(12db0e25a900982489f62f83260f491d) Importer(815301076,1909f56bfc062723c751e8b465ee728b)
Start importing Assets/RealtimeRascals_Facetracking/Jasper_Badger/Materials/Jasper the Badger Suit/mat_Jasper_Suit_body.mat using Guid(12db0e25a900982489f62f83260f491d) Importer(815301076,1909f56bfc062723c751e8b465ee728b) (PreviewImporter) -> (artifact id: 'f5c3a4bfe456467cc44d77e02097f151') in 0.0225815 seconds
Number of updated asset objects reloaded before import = 0Number of asset objects unloaded after import = 4

========================================================================
Received Import Request.
  Time since last request: 0.000025 seconds.
  path: Assets/RealtimeRascals_Facetracking/Jasper_Badger/Materials/Jasper the Badger Suit/mat_Jasper_Suit_cloth.mat
  artifactKey: Guid(61d8634534c2a6749bb8242f7c64a58a) Importer(815301076,1909f56bfc062723c751e8b465ee728b)
Start importing Assets/RealtimeRascals_Facetracking/Jasper_Badger/Materials/Jasper the Badger Suit/mat_Jasper_Suit_cloth.mat using Guid(61d8634534c2a6749bb8242f7c64a58a) Importer(815301076,1909f56bfc062723c751e8b465ee728b) (PreviewImporter) -> (artifact id: '56cc8d563245f22e6216341569c5e4ff') in 0.0196334 seconds
Number of updated asset objects reloaded before import = 0Number of asset objects unloaded after import = 4

========================================================================
Received Import Request.
  Time since last request: 0.000058 seconds.
  path: Assets/RealtimeRascals_Facetracking/Jasper_Badger/Materials/Jasper the Badger Suit/mat_Jasper_Suit_sclera.mat
  artifactKey: Guid(53328e56f1a71974a98be288f440390c) Importer(815301076,1909f56bfc062723c751e8b465ee728b)
Start importing Assets/RealtimeRascals_Facetracking/Jasper_Badger/Materials/Jasper the Badger Suit/mat_Jasper_Suit_sclera.mat using Guid(53328e56f1a71974a98be288f440390c) Importer(815301076,1909f56bfc062723c751e8b465ee728b) (PreviewImporter) -> (artifact id: '313195baa91191b67227f560f522cb9a') in 0.0214586 seconds
Number of updated asset objects reloaded before import = 0Number of asset objects unloaded after import = 4

========================================================================
Received Import Request.
  Time since last request: 0.000045 seconds.
  path: Assets/RealtimeRascals_Facetracking/Jasper_Badger/Materials/Jasper the Badger Suit/mat_Jasper_Suit_pants.mat
  artifactKey: Guid(38c9315cb3ee9334181bfc21344307c5) Importer(815301076,1909f56bfc062723c751e8b465ee728b)
Start importing Assets/RealtimeRascals_Facetracking/Jasper_Badger/Materials/Jasper the Badger Suit/mat_Jasper_Suit_pants.mat using Guid(38c9315cb3ee9334181bfc21344307c5) Importer(815301076,1909f56bfc062723c751e8b465ee728b) (PreviewImporter) -> (artifact id: '4b3038cc9ce95039411cd6eff75daf1c') in 0.0207352 seconds
Number of updated asset objects reloaded before import = 0Number of asset objects unloaded after import = 4

========================================================================
Received Import Request.
  Time since last request: 17.950643 seconds.
  path: Assets/RealtimeRascals_Facetracking/Shanks_Frog/Materials/Shanks_Costumed/Shanks_Silent/mat_Shanks_Silent_Pants.mat
  artifactKey: Guid(9c574813a63c2304c826df0749455031) Importer(815301076,1909f56bfc062723c751e8b465ee728b)
Start importing Assets/RealtimeRascals_Facetracking/Shanks_Frog/Materials/Shanks_Costumed/Shanks_Silent/mat_Shanks_Silent_Pants.mat using Guid(9c574813a63c2304c826df0749455031) Importer(815301076,1909f56bfc062723c751e8b465ee728b) (PreviewImporter) -> (artifact id: 'f84300b68fb3fcd5926f90841bf4196e') in 0.0258298 seconds
Number of updated asset objects reloaded before import = 0Number of asset objects unloaded after import = 4

========================================================================
Received Import Request.
  Time since last request: 0.264560 seconds.
  path: Assets/RealtimeRascals_Facetracking/Sydney_Rabbit/Materials/Sydney_Costumed/Sydney_Scifi/mat_Sydney_Scifi_lower_body.mat
  artifactKey: Guid(e779056c3b6b2e5439cb4c34f3920411) Importer(815301076,1909f56bfc062723c751e8b465ee728b)
Start importing Assets/RealtimeRascals_Facetracking/Sydney_Rabbit/Materials/Sydney_Costumed/Sydney_Scifi/mat_Sydney_Scifi_lower_body.mat using Guid(e779056c3b6b2e5439cb4c34f3920411) Importer(815301076,1909f56bfc062723c751e8b465ee728b) (PreviewImporter) -> (artifact id: 'd28dd8d8228bd6986f763c5dddb2f973') in 0.0296208 seconds
Number of updated asset objects reloaded before import = 0Number of asset objects unloaded after import = 4

========================================================================
Received Import Request.
  Time since last request: 11.658829 seconds.
  path: Assets/RealtimeRascals_Facetracking/Sydney_Rabbit/Materials/Sydney_Costumed/Sydney_Suit/mat_Sydney_Suit_jacket.mat
  artifactKey: Guid(f7dee0b34c7691740857d5d27c2da07b) Importer(815301076,1909f56bfc062723c751e8b465ee728b)
Start importing Assets/RealtimeRascals_Facetracking/Sydney_Rabbit/Materials/Sydney_Costumed/Sydney_Suit/mat_Sydney_Suit_jacket.mat using Guid(f7dee0b34c7691740857d5d27c2da07b) Importer(815301076,1909f56bfc062723c751e8b465ee728b) (PreviewImporter) -> (artifact id: '0cc01cfd8d6f9b544d3b5926545112aa') in 0.025987 seconds
Number of updated asset objects reloaded before import = 0Number of asset objects unloaded after import = 4

========================================================================
Received Import Request.
  Time since last request: 0.000033 seconds.
  path: Packages/com.ptc.vuforia.engine/Vuforia/Materials/Built-In/MeshVisualization.mat
  artifactKey: Guid(1759a6bc3cabc49c188d82d99a770e17) Importer(815301076,1909f56bfc062723c751e8b465ee728b)
Start importing Packages/com.ptc.vuforia.engine/Vuforia/Materials/Built-In/MeshVisualization.mat using Guid(1759a6bc3cabc49c188d82d99a770e17) Importer(815301076,1909f56bfc062723c751e8b465ee728b) (PreviewImporter) -> (artifact id: 'e038bd19d82afeac7780d59c35ca048e') in 0.0160942 seconds
Number of updated asset objects reloaded before import = 0Number of asset objects unloaded after import = 2

========================================================================
Received Import Request.
  Time since last request: 0.000033 seconds.
  path: Assets/Fristy Fantasy Lands 1/Fristy Fantasy Lands 1/Shaders/URP/New Material.mat
  artifactKey: Guid(e0cf8094fcc96ab489314f845ef157ee) Importer(815301076,1909f56bfc062723c751e8b465ee728b)
Start importing Assets/Fristy Fantasy Lands 1/Fristy Fantasy Lands 1/Shaders/URP/New Material.mat using Guid(e0cf8094fcc96ab489314f845ef157ee) Importer(815301076,1909f56bfc062723c751e8b465ee728b) (PreviewImporter) -> (artifact id: '916313d970852f3a69f9365861ddf5ca') in 0.1020654 seconds
Number of updated asset objects reloaded before import = 0Number of asset objects unloaded after import = 1

========================================================================
Received Import Request.
  Time since last request: 0.000027 seconds.
  path: Assets/ARCADE - FREE Racing Car/Skybox/Night/Night Skybox.mat
  artifactKey: Guid(102c3f2cfdcb3d64199f97f4f9aa3d46) Importer(815301076,1909f56bfc062723c751e8b465ee728b)
Start importing Assets/ARCADE - FREE Racing Car/Skybox/Night/Night Skybox.mat using Guid(102c3f2cfdcb3d64199f97f4f9aa3d46) Importer(815301076,1909f56bfc062723c751e8b465ee728b) (PreviewImporter) -> (artifact id: '5d184057b3d59813405b0438c95c12b3') in 0.1745733 seconds
Number of updated asset objects reloaded before import = 0Number of asset objects unloaded after import = 4

========================================================================
Received Import Request.
  Time since last request: 0.142848 seconds.
  path: Assets/#NVJOB Water Shaders V2/Example Scenes/Environment/Palm Trees/Materials/Palm.mat
  artifactKey: Guid(5060be45a1694ec3a40040b1c3f3e8f1) Importer(815301076,1909f56bfc062723c751e8b465ee728b)
Start importing Assets/#NVJOB Water Shaders V2/Example Scenes/Environment/Palm Trees/Materials/Palm.mat using Guid(5060be45a1694ec3a40040b1c3f3e8f1) Importer(815301076,1909f56bfc062723c751e8b465ee728b) (PreviewImporter) -> (artifact id: '25577068451a759e88412a23fd18f03f') in 0.0253662 seconds
Number of updated asset objects reloaded before import = 0Number of asset objects unloaded after import = 4

========================================================================
Received Import Request.
  Time since last request: 0.000053 seconds.
  path: Assets/Lowpoly_Holiday_House/Materials/Parts.mat
  artifactKey: Guid(6cc327085e1222b428966bf169b3dd9d) Importer(815301076,1909f56bfc062723c751e8b465ee728b)
Start importing Assets/Lowpoly_Holiday_House/Materials/Parts.mat using Guid(6cc327085e1222b428966bf169b3dd9d) Importer(815301076,1909f56bfc062723c751e8b465ee728b) (PreviewImporter) -> (artifact id: '3e465d112db7b1515bb88d8cb6c868dc') in 0.0159911 seconds
Number of updated asset objects reloaded before import = 0Number of asset objects unloaded after import = 3

========================================================================
Received Import Request.
  Time since last request: 0.000062 seconds.
  path: Packages/com.unity.render-pipelines.universal/Runtime/Materials/PhysicalMaterial3DsMax/PhysicalMaterial3DsMaxTransparent.shadergraph
  artifactKey: Guid(1a207e3bee00db44b940e6f362a8e148) Importer(815301076,1909f56bfc062723c751e8b465ee728b)
Start importing Packages/com.unity.render-pipelines.universal/Runtime/Materials/PhysicalMaterial3DsMax/PhysicalMaterial3DsMaxTransparent.shadergraph using Guid(1a207e3bee00db44b940e6f362a8e148) Importer(815301076,1909f56bfc062723c751e8b465ee728b) (PreviewImporter) -> (artifact id: '842fe393ae8f79b014e57721430eba7f') in 4.7205825 seconds
Number of updated asset objects reloaded before import = 0Number of asset objects unloaded after import = 5

========================================================================
Received Import Request.
  Time since last request: 11.011726 seconds.
  path: Packages/com.ptc.vuforia.engine/Vuforia/Materials/URP/PointSplat_URP.mat
  artifactKey: Guid(0c11156b760b444e29d373bb81afc51d) Importer(815301076,1909f56bfc062723c751e8b465ee728b)
Start importing Packages/com.ptc.vuforia.engine/Vuforia/Materials/URP/PointSplat_URP.mat using Guid(0c11156b760b444e29d373bb81afc51d) Importer(815301076,1909f56bfc062723c751e8b465ee728b) (PreviewImporter) -> (artifact id: '0088953e20480abf62af6708c8315efd') in 0.0288647 seconds
Number of updated asset objects reloaded before import = 0Number of asset objects unloaded after import = 1

========================================================================
Received Import Request.
  Time since last request: 6.014285 seconds.
  path: Assets/CubePeopleDemo/Materials/Demo/Red.mat
  artifactKey: Guid(c366869bcf50f9845a034ea65c2c8549) Importer(815301076,1909f56bfc062723c751e8b465ee728b)
Start importing Assets/CubePeopleDemo/Materials/Demo/Red.mat using Guid(c366869bcf50f9845a034ea65c2c8549) Importer(815301076,1909f56bfc062723c751e8b465ee728b) (PreviewImporter) -> (artifact id: '93c92e49c4b7a7825eff64c9e4e74564') in 0.0126103 seconds
Number of updated asset objects reloaded before import = 0Number of asset objects unloaded after import = 1

========================================================================
Received Import Request.
  Time since last request: 0.000028 seconds.
  path: Assets/TextMesh Pro/Examples & Extras/Resources/Fonts & Materials/Roboto-Bold SDF - Surface.mat
  artifactKey: Guid(e6b276ec991f467aa14ef1f3cc665993) Importer(815301076,1909f56bfc062723c751e8b465ee728b)
Start importing Assets/TextMesh Pro/Examples & Extras/Resources/Fonts & Materials/Roboto-Bold SDF - Surface.mat using Guid(e6b276ec991f467aa14ef1f3cc665993) Importer(815301076,1909f56bfc062723c751e8b465ee728b) (PreviewImporter) -> (artifact id: '4287e8465c3597a51d5e9e96c3956df6') in 0.0116021 seconds
Number of updated asset objects reloaded before import = 0Number of asset objects unloaded after import = 2

========================================================================
Received Import Request.
  Time since last request: 0.000036 seconds.
  path: Assets/Lowpoly_Holiday_House/Materials/Roof.mat
  artifactKey: Guid(ab62c78bc6a536d4999b20c2461d6b9e) Importer(815301076,1909f56bfc062723c751e8b465ee728b)
Start importing Assets/Lowpoly_Holiday_House/Materials/Roof.mat using Guid(ab62c78bc6a536d4999b20c2461d6b9e) Importer(815301076,1909f56bfc062723c751e8b465ee728b) (PreviewImporter) -> (artifact id: 'eb7737c26680e445af78ec6607ed5f09') in 0.0166157 seconds
Number of updated asset objects reloaded before import = 0Number of asset objects unloaded after import = 3

========================================================================
Received Import Request.
  Time since last request: 0.063448 seconds.
  path: Packages/com.unity.render-pipelines.universal/Runtime/Materials/SimpleLit.mat
  artifactKey: Guid(6a1143ee683302f4aa628c052723efc1) Importer(815301076,1909f56bfc062723c751e8b465ee728b)
Start importing Packages/com.unity.render-pipelines.universal/Runtime/Materials/SimpleLit.mat using Guid(6a1143ee683302f4aa628c052723efc1) Importer(815301076,1909f56bfc062723c751e8b465ee728b) (PreviewImporter) -> (artifact id: '07f7ebad27c080886f531eb23dabb735') in 3.9421501 seconds
Number of updated asset objects reloaded before import = 0Number of asset objects unloaded after import = 2

========================================================================
Received Import Request.
  Time since last request: 0.000074 seconds.
  path: Packages/com.ptc.vuforia.engine/Vuforia/Materials/Built-In/StandardCutout.mat
  artifactKey: Guid(a9267223436693a4bb8e35161a24f8ba) Importer(815301076,1909f56bfc062723c751e8b465ee728b)
Start importing Packages/com.ptc.vuforia.engine/Vuforia/Materials/Built-In/StandardCutout.mat using Guid(a9267223436693a4bb8e35161a24f8ba) Importer(815301076,1909f56bfc062723c751e8b465ee728b) (PreviewImporter) -> (artifact id: '1e1dac9ca337acbfadcbb59a59e0e682') in 0.0521212 seconds
Number of updated asset objects reloaded before import = 0Number of asset objects unloaded after import = 1

========================================================================
Received Import Request.
  Time since last request: 0.000072 seconds.
  path: Packages/com.unity.render-pipelines.universal/Runtime/Materials/TerrainLit.mat
  artifactKey: Guid(594ea882c5a793440b60ff72d896021e) Importer(815301076,1909f56bfc062723c751e8b465ee728b)
Start importing Packages/com.unity.render-pipelines.universal/Runtime/Materials/TerrainLit.mat using Guid(594ea882c5a793440b60ff72d896021e) Importer(815301076,1909f56bfc062723c751e8b465ee728b) (PreviewImporter) -> (artifact id: '32e4408c349df3b1b0284ecf129516a7') in 4.1041643 seconds
Number of updated asset objects reloaded before import = 0Number of asset objects unloaded after import = 0

========================================================================
Received Import Request.
  Time since last request: 12.494944 seconds.
  path: Assets/TextMesh Pro/Shaders/TMP_SDF-URP Lit.shadergraph
  artifactKey: Guid(a3d800b099a06e0478fb790c5e79057a) Importer(815301076,1909f56bfc062723c751e8b465ee728b)
Start importing Assets/TextMesh Pro/Shaders/TMP_SDF-URP Lit.shadergraph using Guid(a3d800b099a06e0478fb790c5e79057a) Importer(815301076,1909f56bfc062723c751e8b465ee728b) (PreviewImporter) -> (artifact id: '7f2ad8109d195f929c9b137afbf27a0a') in 3.169937 seconds
Number of updated asset objects reloaded before import = 0Number of asset objects unloaded after import = 3

========================================================================
Received Import Request.
  Time since last request: 35.787583 seconds.
  path: Packages/com.unity.render-pipelines.universal/Shaders/2D/VFXSpriteLit.shadergraph
  artifactKey: Guid(24a73dccd7b6fad4798be282f96a21f4) Importer(815301076,1909f56bfc062723c751e8b465ee728b)
Start importing Packages/com.unity.render-pipelines.universal/Shaders/2D/VFXSpriteLit.shadergraph using Guid(24a73dccd7b6fad4798be282f96a21f4) Importer(815301076,1909f56bfc062723c751e8b465ee728b) (PreviewImporter) -> (artifact id: '72d7607893c184d0280a304cff89806d') in 0.231762 seconds
Number of updated asset objects reloaded before import = 0Number of asset objects unloaded after import = 2

========================================================================
Received Import Request.
  Time since last request: 0.000044 seconds.
  path: Assets/#NVJOB Water Shaders V2/Examples Water/Materials/Water Specular Mirror.mat
  artifactKey: Guid(1a127b9031564ff99a732e71b9738356) Importer(815301076,1909f56bfc062723c751e8b465ee728b)
Start importing Assets/#NVJOB Water Shaders V2/Examples Water/Materials/Water Specular Mirror.mat using Guid(1a127b9031564ff99a732e71b9738356) Importer(815301076,1909f56bfc062723c751e8b465ee728b) (PreviewImporter) -> (artifact id: '67370c7ed990a6f3891433e2cbab9150') in 0.0224985 seconds
Number of updated asset objects reloaded before import = 0Number of asset objects unloaded after import = 6

========================================================================
Received Import Request.
  Time since last request: 3.035579 seconds.
  path: Assets/Simple Water Shader HDRP/Materials/Water_mat_04.mat
  artifactKey: Guid(ba83f096c38203e43bce0e25c2e7f7cc) Importer(815301076,1909f56bfc062723c751e8b465ee728b)
Start importing Assets/Simple Water Shader HDRP/Materials/Water_mat_04.mat using Guid(ba83f096c38203e43bce0e25c2e7f7cc) Importer(815301076,1909f56bfc062723c751e8b465ee728b) (PreviewImporter) -> (artifact id: '9cf8456f4ca26a3a6896464073da5f78') in 0.026574 seconds
Number of updated asset objects reloaded before import = 0Number of asset objects unloaded after import = 4

========================================================================
Received Import Request.
  Time since last request: 0.000037 seconds.
  path: Assets/BasicToonWaterShader/Texture/Materials/wave1.mat
  artifactKey: Guid(030d3cad1a9983d49b2340316c2364ad) Importer(815301076,1909f56bfc062723c751e8b465ee728b)
Start importing Assets/BasicToonWaterShader/Texture/Materials/wave1.mat using Guid(030d3cad1a9983d49b2340316c2364ad) Importer(815301076,1909f56bfc062723c751e8b465ee728b) (PreviewImporter) -> (artifact id: 'ed096bea40d00e69c77c186d5b10cb31') in 0.0191618 seconds
Number of updated asset objects reloaded before import = 0Number of asset objects unloaded after import = 2

========================================================================
Received Import Request.
  Time since last request: 0.000048 seconds.
  path: Assets/#NVJOB Water Shaders V2/Example Scenes/PostProcessing/Utilities/CustomMotionTexture/Materials/WheelMotionVectors.mat
  artifactKey: Guid(6f8e1b3731e042e8a9a4b9b53b6fcb80) Importer(815301076,1909f56bfc062723c751e8b465ee728b)
Start importing Assets/#NVJOB Water Shaders V2/Example Scenes/PostProcessing/Utilities/CustomMotionTexture/Materials/WheelMotionVectors.mat using Guid(6f8e1b3731e042e8a9a4b9b53b6fcb80) Importer(815301076,1909f56bfc062723c751e8b465ee728b) (PreviewImporter) -> (artifact id: '7d2c414d7f3fdd741fd21b40e55e3bc8') in 0.0129988 seconds
Number of updated asset objects reloaded before import = 0Number of asset objects unloaded after import = 2

========================================================================
Received Import Request.
  Time since last request: 0.000048 seconds.
  path: Packages/com.unity.render-pipelines.universal/Editor/SceneTemplates/Standard/Materials/White.mat
  artifactKey: Guid(f96821bbefeea864b9b418af4b8615ac) Importer(815301076,1909f56bfc062723c751e8b465ee728b)
Start importing Packages/com.unity.render-pipelines.universal/Editor/SceneTemplates/Standard/Materials/White.mat using Guid(f96821bbefeea864b9b418af4b8615ac) Importer(815301076,1909f56bfc062723c751e8b465ee728b) (PreviewImporter) -> (artifact id: 'ca77db72af4739380c025d5b0d51e56c') in 0.0126506 seconds
Number of updated asset objects reloaded before import = 0Number of asset objects unloaded after import = 1

Editor requested this worker to shutdown with reason: Scaling down because of idle timeout
AssetImportWorker is now disconnected from the server
Process exiting
Exiting without the bug reporter. Application will terminate with return code 0