Using pre-set license
Built from '6000.0/staging' branch; Version is '6000.0.26f1 (ccb7c73d2c02) revision 13416391'; Using compiler version '193933523'; Build Type 'Release'
OS: 'Windows 11  (10.0.22631) 64bit CoreSingleLanguage' Language: 'tr' Physical Memory: 16022 MB
BatchMode: 1, IsHumanControllingUs: 0, StartBugReporterOnCrash: 0, Is64bit: 1, IsPro: 1

COMMAND LINE ARGUMENTS:
C:\Program Files\Unity\Hub\Editor\6000.0.26f1\Editor\Unity.exe
-adb2
-batchMode
-noUpm
-name
AssetImportWorker22
-projectPath
C:/Users/1must/Desktop/AR_Projem
-logFile
Logs/AssetImportWorker22.log
-srvPort
58478
-job-worker-count
11
-background-job-worker-count
8
-asset-garbage-collectors
1
Successfully changed project path to: C:/Users/1must/Desktop/AR_Projem
C:/Users/1must/Desktop/AR_Projem
[UnityMemory] Configuration Parameters - Can be set up in boot.config
    "memorysetup-bucket-allocator-granularity=16"
    "memorysetup-bucket-allocator-bucket-count=8"
    "memorysetup-bucket-allocator-block-size=33554432"
    "memorysetup-bucket-allocator-block-count=8"
    "memorysetup-main-allocator-block-size=16777216"
    "memorysetup-thread-allocator-block-size=16777216"
    "memorysetup-gfx-main-allocator-block-size=16777216"
    "memorysetup-gfx-thread-allocator-block-size=16777216"
    "memorysetup-cache-allocator-block-size=4194304"
    "memorysetup-typetree-allocator-block-size=2097152"
    "memorysetup-profiler-bucket-allocator-granularity=16"
    "memorysetup-profiler-bucket-allocator-bucket-count=8"
    "memorysetup-profiler-bucket-allocator-block-size=33554432"
    "memorysetup-profiler-bucket-allocator-block-count=8"
    "memorysetup-profiler-allocator-block-size=16777216"
    "memorysetup-profiler-editor-allocator-block-size=1048576"
    "memorysetup-temp-allocator-size-main=16777216"
    "memorysetup-job-temp-allocator-block-size=2097152"
    "memorysetup-job-temp-allocator-block-size-background=1048576"
    "memorysetup-job-temp-allocator-reduction-small-platforms=262144"
    "memorysetup-allocator-temp-initial-block-size-main=262144"
    "memorysetup-allocator-temp-initial-block-size-worker=262144"
    "memorysetup-temp-allocator-size-background-worker=32768"
    "memorysetup-temp-allocator-size-job-worker=262144"
    "memorysetup-temp-allocator-size-preload-manager=33554432"
    "memorysetup-temp-allocator-size-nav-mesh-worker=65536"
    "memorysetup-temp-allocator-size-audio-worker=65536"
    "memorysetup-temp-allocator-size-cloud-worker=32768"
    "memorysetup-temp-allocator-size-gi-baking-worker=262144"
    "memorysetup-temp-allocator-size-gi-baking-worker=262144"
    "memorysetup-temp-allocator-size-gi-baking-worker=262144"
    "memorysetup-temp-allocator-size-gi-baking-worker=262144"
    "memorysetup-temp-allocator-size-gi-baking-worker=262144"
    "memorysetup-temp-allocator-size-gfx=262144"
Player connection [50912]  Target information:

Player connection [50912]  * "[IP] 192.168.1.156 [Port] 0 [Flags] 2 [Guid] 952051753 [EditorId] 952051753 [Version] 1048832 [Id] WindowsEditor(7,MustafaVRL) [Debug] 1 [PackageName] WindowsEditor [ProjectName] Editor" 

Player connection [50912] Host joined multi-casting on [225.0.0.222:54997]...
Player connection [50912] Host joined alternative multi-casting on [225.0.0.222:34997]...
JobSystem: Creating JobQueue using job-worker-count value 11
[Physics::Module] Initialized fallback backend.
[Physics::Module] Id: 0xdecafbad
Library Redirect Path: Library/
[Physics::Module] Selected backend.
[Physics::Module] Name: PhysX
[Physics::Module] Id: 0xf2b8ea05
[Physics::Module] SDK Version: 4.1.2
[Physics::Module] Integration Version: 1.0.0
[Physics::Module] Threading Mode: Multi-Threaded
Refreshing native plugins compatible for Editor in 6.37 ms, found 6 plugins.
Preloading 2 native plugins for Editor in 3.18 ms.
Initialize engine version: 6000.0.26f1 (ccb7c73d2c02)
[Subsystems] Discovering subsystems at path C:/Program Files/Unity/Hub/Editor/6000.0.26f1/Editor/Data/Resources/UnitySubsystems
[Subsystems] Discovering subsystems at path C:/Users/1must/Desktop/AR_Projem/Assets
GfxDevice: creating device client; kGfxThreadingModeNonThreaded
Direct3D:
    Version:  Direct3D 11.0 [level 11.1]
    Renderer: NVIDIA GeForce RTX 4060 Laptop GPU (ID=0x28a0)
    Vendor:   NVIDIA
    VRAM:     7957 MB
    Driver:   32.0.15.5613
Initialize mono
Mono path[0] = 'C:/Program Files/Unity/Hub/Editor/6000.0.26f1/Editor/Data/Managed'
Mono path[1] = 'C:/Program Files/Unity/Hub/Editor/6000.0.26f1/Editor/Data/MonoBleedingEdge/lib/mono/unityjit-win32'
Mono config path = 'C:/Program Files/Unity/Hub/Editor/6000.0.26f1/Editor/Data/MonoBleedingEdge/etc'
Using monoOptions --debugger-agent=transport=dt_socket,embedding=1,server=y,suspend=n,address=127.0.0.1:56396
Begin MonoManager ReloadAssembly
Registering precompiled unity dll's ...
Register platform support module: C:/Program Files/Unity/Hub/Editor/6000.0.26f1/Editor/Data/PlaybackEngines/WebGLSupport/UnityEditor.WebGL.Extensions.dll
Register platform support module: C:/Program Files/Unity/Hub/Editor/6000.0.26f1/Editor/Data/PlaybackEngines/MacStandaloneSupport/UnityEditor.OSXStandalone.Extensions.dll
Register platform support module: C:/Program Files/Unity/Hub/Editor/6000.0.26f1/Editor/Data/PlaybackEngines/WindowsStandaloneSupport/UnityEditor.WindowsStandalone.Extensions.dll
Register platform support module: C:/Program Files/Unity/Hub/Editor/6000.0.26f1/Editor/Data/PlaybackEngines/MetroSupport/UnityEditor.UWP.Extensions.dll
Register platform support module: C:/Program Files/Unity/Hub/Editor/6000.0.26f1/Editor/Data/PlaybackEngines/AndroidPlayer/UnityEditor.Android.Extensions.dll
Register platform support module: C:/Program Files/Unity/Hub/Editor/6000.0.26f1/Editor/Data/PlaybackEngines/iOSSupport/UnityEditor.iOS.Extensions.dll
Registered in 0.114872 seconds.
- Loaded All Assemblies, in  1.257 seconds
[usbmuxd] Start listen thread
[usbmuxd] Listen thread started
Native extension for iOS target not found
Native extension for Android target not found
Android Extension - Scanning For ADB Devices 1944 ms
Native extension for UWP target not found
Native extension for WindowsStandalone target not found
Native extension for OSXStandalone target not found
Native extension for WebGL target not found
Mono: successfully reloaded assembly
- Finished resetting the current domain, in  3.100 seconds
Domain Reload Profiling: 4339ms
	BeginReloadAssembly (350ms)
		ExecutionOrderSort (0ms)
		DisableScriptedObjects (0ms)
		BackupInstance (0ms)
		ReleaseScriptingObjects (0ms)
		CreateAndSetChildDomain (1ms)
	RebuildCommonClasses (117ms)
	RebuildNativeTypeToScriptingClass (27ms)
	initialDomainReloadingComplete (282ms)
	LoadAllAssembliesAndSetupDomain (461ms)
		LoadAssemblies (341ms)
		RebuildTransferFunctionScriptingTraits (0ms)
		AnalyzeDomain (451ms)
			TypeCache.Refresh (447ms)
				TypeCache.ScanAssembly (417ms)
			BuildScriptInfoCaches (0ms)
			ResolveRequiredComponents (1ms)
	FinalizeReload (3102ms)
		ReleaseScriptCaches (0ms)
		RebuildScriptCaches (0ms)
		SetupLoadedEditorAssemblies (2955ms)
			LogAssemblyErrors (0ms)
			InitializePlatformSupportModulesInManaged (2334ms)
			SetLoadedEditorAssemblies (9ms)
			BeforeProcessingInitializeOnLoad (14ms)
			ProcessInitializeOnLoadAttributes (373ms)
			ProcessInitializeOnLoadMethodAttributes (215ms)
			AfterProcessingInitializeOnLoad (10ms)
			EditorAssembliesLoaded (0ms)
		ExecutionOrderSort2 (0ms)
		AwakeInstancesAfterBackupRestoration (0ms)
========================================================================
Worker process is ready to serve import requests
Import Worker Mode flag is 0x00
Begin MonoManager ReloadAssembly
Symbol file LoadedFromMemory is not a mono symbol file
- Loaded All Assemblies, in  3.464 seconds
Refreshing native plugins compatible for Editor in 14.69 ms, found 6 plugins.
Native extension for iOS target not found
Native extension for Android target not found
Native extension for UWP target not found
Native extension for WindowsStandalone target not found
Native extension for OSXStandalone target not found
Native extension for WebGL target not found
Mono: successfully reloaded assembly
- Finished resetting the current domain, in  3.132 seconds
Domain Reload Profiling: 6530ms
	BeginReloadAssembly (1468ms)
		ExecutionOrderSort (0ms)
		DisableScriptedObjects (13ms)
		BackupInstance (0ms)
		ReleaseScriptingObjects (0ms)
		CreateAndSetChildDomain (62ms)
	RebuildCommonClasses (87ms)
	RebuildNativeTypeToScriptingClass (23ms)
	initialDomainReloadingComplete (128ms)
	LoadAllAssembliesAndSetupDomain (1691ms)
		LoadAssemblies (1171ms)
		RebuildTransferFunctionScriptingTraits (0ms)
		AnalyzeDomain (747ms)
			TypeCache.Refresh (488ms)
				TypeCache.ScanAssembly (436ms)
			BuildScriptInfoCaches (225ms)
			ResolveRequiredComponents (28ms)
	FinalizeReload (3133ms)
		ReleaseScriptCaches (0ms)
		RebuildScriptCaches (0ms)
		SetupLoadedEditorAssemblies (2209ms)
			LogAssemblyErrors (0ms)
			InitializePlatformSupportModulesInManaged (71ms)
			SetLoadedEditorAssemblies (9ms)
			BeforeProcessingInitializeOnLoad (233ms)
			ProcessInitializeOnLoadAttributes (1612ms)
			ProcessInitializeOnLoadMethodAttributes (257ms)
			AfterProcessingInitializeOnLoad (28ms)
			EditorAssembliesLoaded (1ms)
		ExecutionOrderSort2 (0ms)
		AwakeInstancesAfterBackupRestoration (20ms)
Launched and connected shader compiler UnityShaderCompiler.exe after 0.05 seconds
Refreshing native plugins compatible for Editor in 6.60 ms, found 6 plugins.
Preloading 2 native plugins for Editor in 0.36 ms.
Unloading 291 Unused Serialized files (Serialized files now loaded: 0)
Unloading 6067 unused Assets / (5.3 MB). Loaded Objects now: 7022.
Memory consumption went from 302.5 MB to 297.2 MB.
Total: 17.519800 ms (FindLiveObjects: 2.072000 ms CreateObjectMapping: 0.791400 ms MarkObjects: 9.838100 ms  DeleteObjects: 4.816100 ms)

========================================================================
Received Import Request.
  Time since last request: 211725.610635 seconds.
  path: Assets/TextMesh Pro/Fonts/LiberationSans.ttf
  artifactKey: Guid(e3265ab4bf004d28a9537516768c1c75) Importer(815301076,1909f56bfc062723c751e8b465ee728b)
Start importing Assets/TextMesh Pro/Fonts/LiberationSans.ttf using Guid(e3265ab4bf004d28a9537516768c1c75) Importer(815301076,1909f56bfc062723c751e8b465ee728b) (PreviewImporter) -> (artifact id: '8501a5aea98da5ca596f753fcecac1a5') in 1.1541955 seconds
Number of updated asset objects reloaded before import = 0Number of asset objects unloaded after import = 4

========================================================================
Received Import Request.
  Time since last request: 0.000115 seconds.
  path: Assets/ADG_Textures/ground_vol1/ground14/ground14.mat
  artifactKey: Guid(3b7bee62bfdf81742a7e944ddd698742) Importer(815301076,1909f56bfc062723c751e8b465ee728b)
Start importing Assets/ADG_Textures/ground_vol1/ground14/ground14.mat using Guid(3b7bee62bfdf81742a7e944ddd698742) Importer(815301076,1909f56bfc062723c751e8b465ee728b) (PreviewImporter) -> (artifact id: 'bdcee31b8dccb5d4cfd032a5df32b952') in 0.0981906 seconds
Number of updated asset objects reloaded before import = 0Number of asset objects unloaded after import = 5

========================================================================
Received Import Request.
  Time since last request: 0.000060 seconds.
  path: Packages/com.unity.render-pipelines.universal/Shaders/AutodeskInteractive/AutodeskInteractiveMasked.shadergraph
  artifactKey: Guid(80aa867ac363ac043847b06ad71604cd) Importer(815301076,1909f56bfc062723c751e8b465ee728b)
Start importing Packages/com.unity.render-pipelines.universal/Shaders/AutodeskInteractive/AutodeskInteractiveMasked.shadergraph using Guid(80aa867ac363ac043847b06ad71604cd) Importer(815301076,1909f56bfc062723c751e8b465ee728b) (PreviewImporter) -> (artifact id: '686b99507393437acf1457a9d6ba4d5d') in 7.3425461 seconds
Number of updated asset objects reloaded before import = 0Number of asset objects unloaded after import = 0

========================================================================
Received Import Request.
  Time since last request: 0.000116 seconds.
  path: Assets/CubePeopleDemo/Materials/Ch/Head/Ch_0CPF00_Head00W.mat
  artifactKey: Guid(776f43430946013489da49ed7836f63c) Importer(815301076,1909f56bfc062723c751e8b465ee728b)
Start importing Assets/CubePeopleDemo/Materials/Ch/Head/Ch_0CPF00_Head00W.mat using Guid(776f43430946013489da49ed7836f63c) Importer(815301076,1909f56bfc062723c751e8b465ee728b) (PreviewImporter) -> (artifact id: '572e379760570441d8837b6cbe2d860a') in 0.0247919 seconds
Number of updated asset objects reloaded before import = 0Number of asset objects unloaded after import = 3

========================================================================
Received Import Request.
  Time since last request: 0.000095 seconds.
  path: Assets/LowPolyEnviroPack_LITE_builtIn/BlocksAndTrees/Meshes/RockCanyon1.fbx
  artifactKey: Guid(8c3ae473ecef3764cae9367967d36851) Importer(815301076,1909f56bfc062723c751e8b465ee728b)
Start importing Assets/LowPolyEnviroPack_LITE_builtIn/BlocksAndTrees/Meshes/RockCanyon1.fbx using Guid(8c3ae473ecef3764cae9367967d36851) Importer(815301076,1909f56bfc062723c751e8b465ee728b) (PreviewImporter) -> (artifact id: 'baa2bfbd92610c3fdc90a5ccd666269b') in 0.1103196 seconds
Number of updated asset objects reloaded before import = 0Number of asset objects unloaded after import = 10

========================================================================
Received Import Request.
  Time since last request: 0.000078 seconds.
  path: Assets/CubePeopleDemo/Materials/Ch/Head/Ch_0CPF00_Head00P.mat
  artifactKey: Guid(542afeb1107014e43820105b22d38ce5) Importer(815301076,1909f56bfc062723c751e8b465ee728b)
Start importing Assets/CubePeopleDemo/Materials/Ch/Head/Ch_0CPF00_Head00P.mat using Guid(542afeb1107014e43820105b22d38ce5) Importer(815301076,1909f56bfc062723c751e8b465ee728b) (PreviewImporter) -> (artifact id: '8441bb90c31cc9a009ae5c8bfb17908c') in 0.0237672 seconds
Number of updated asset objects reloaded before import = 0Number of asset objects unloaded after import = 3

========================================================================
Received Import Request.
  Time since last request: 0.000055 seconds.
  path: Assets/RealtimeRascals_Facetracking/Shanks_Frog/Models/Shanks_Base_model.fbx
  artifactKey: Guid(019ba93bdc86db74f827493e7fa33710) Importer(815301076,1909f56bfc062723c751e8b465ee728b)
Start importing Assets/RealtimeRascals_Facetracking/Shanks_Frog/Models/Shanks_Base_model.fbx using Guid(019ba93bdc86db74f827493e7fa33710) Importer(815301076,1909f56bfc062723c751e8b465ee728b) (PreviewImporter) -> (artifact id: '55a51b1f7504419ad94a53dc6c073633') in 4.8932399 seconds
Number of updated asset objects reloaded before import = 0Number of asset objects unloaded after import = 283

========================================================================
Received Import Request.
  Time since last request: 151.608405 seconds.
  path: Assets/TextMesh Pro/Resources/Fonts & Materials/LiberationSans SDF - Drop Shadow.mat
  artifactKey: Guid(e73a58f6e2794ae7b1b7e50b7fb811b0) Importer(815301076,1909f56bfc062723c751e8b465ee728b)
Start importing Assets/TextMesh Pro/Resources/Fonts & Materials/LiberationSans SDF - Drop Shadow.mat using Guid(e73a58f6e2794ae7b1b7e50b7fb811b0) Importer(815301076,1909f56bfc062723c751e8b465ee728b) (PreviewImporter) -> (artifact id: 'aefca56562532741e0a39c5d8e27699c') in 0.0722427 seconds
Number of updated asset objects reloaded before import = 0Number of asset objects unloaded after import = 2

========================================================================
Received Import Request.
  Time since last request: 0.043428 seconds.
  path: Assets/TextMesh Pro/Examples & Extras/Resources/Fonts & Materials/LiberationSans SDF - Overlay.mat
  artifactKey: Guid(9ad269c99dcf42b7aedefd83dd5a7b9d) Importer(815301076,1909f56bfc062723c751e8b465ee728b)
Start importing Assets/TextMesh Pro/Examples & Extras/Resources/Fonts & Materials/LiberationSans SDF - Overlay.mat using Guid(9ad269c99dcf42b7aedefd83dd5a7b9d) Importer(815301076,1909f56bfc062723c751e8b465ee728b) (PreviewImporter) -> (artifact id: '053651070decdabbba161bfd7ee9c488') in 0.0212268 seconds
Number of updated asset objects reloaded before import = 0Number of asset objects unloaded after import = 2

========================================================================
Received Import Request.
  Time since last request: 0.000029 seconds.
  path: Assets/TextMesh Pro/Examples & Extras/Resources/Fonts & Materials/LiberationSans SDF - Soft Mask.mat
  artifactKey: Guid(42df1c7856584b6b8db9a509b6b10074) Importer(815301076,1909f56bfc062723c751e8b465ee728b)
Start importing Assets/TextMesh Pro/Examples & Extras/Resources/Fonts & Materials/LiberationSans SDF - Soft Mask.mat using Guid(42df1c7856584b6b8db9a509b6b10074) Importer(815301076,1909f56bfc062723c751e8b465ee728b) (PreviewImporter) -> (artifact id: '0e5d0b7340cf2304788621ee1b2fae56') in 0.0211212 seconds
Number of updated asset objects reloaded before import = 0Number of asset objects unloaded after import = 3

========================================================================
Received Import Request.
  Time since last request: 0.017472 seconds.
  path: Assets/CubePeopleDemo/Materials/Demo/LightGray.mat
  artifactKey: Guid(8d1c6cce71bb6944887dc26bac2163de) Importer(815301076,1909f56bfc062723c751e8b465ee728b)
Start importing Assets/CubePeopleDemo/Materials/Demo/LightGray.mat using Guid(8d1c6cce71bb6944887dc26bac2163de) Importer(815301076,1909f56bfc062723c751e8b465ee728b) (PreviewImporter) -> (artifact id: 'ab6c5327f4dd894e6c70a1583fd7a8f2') in 0.0090566 seconds
Number of updated asset objects reloaded before import = 0Number of asset objects unloaded after import = 1

========================================================================
Received Import Request.
  Time since last request: 0.117462 seconds.
  path: Assets/LowPolyEnviroPack_LITE_builtIn/BeachArea_Set1/Materials/LowPolyWater.mat
  artifactKey: Guid(895a988b69d5f5545be73141bafd93ff) Importer(815301076,1909f56bfc062723c751e8b465ee728b)
Start importing Assets/LowPolyEnviroPack_LITE_builtIn/BeachArea_Set1/Materials/LowPolyWater.mat using Guid(895a988b69d5f5545be73141bafd93ff) Importer(815301076,1909f56bfc062723c751e8b465ee728b) (PreviewImporter) -> (artifact id: '74e354d0c3e288def2fdfb9c7b4c4b9b') in 0.0115567 seconds
Number of updated asset objects reloaded before import = 0Number of asset objects unloaded after import = 2

========================================================================
Received Import Request.
  Time since last request: 0.100931 seconds.
  path: Assets/Quirky Series Ultimate/_Shader/M_DemoPlane.mat
  artifactKey: Guid(9f3d24ed163daf241b163a07e3eef4f3) Importer(815301076,1909f56bfc062723c751e8b465ee728b)
Start importing Assets/Quirky Series Ultimate/_Shader/M_DemoPlane.mat using Guid(9f3d24ed163daf241b163a07e3eef4f3) Importer(815301076,1909f56bfc062723c751e8b465ee728b) (PreviewImporter) -> (artifact id: '354ada5a27f533bc042aa454d2a9ccbc') in 0.0086991 seconds
Number of updated asset objects reloaded before import = 0Number of asset objects unloaded after import = 1

========================================================================
Received Import Request.
  Time since last request: 0.091290 seconds.
  path: Assets/Quirky Series Ultimate/FREE/Materials/M_Pudu.mat
  artifactKey: Guid(efb81d917c9bfa34f98e2e93ae65b97d) Importer(815301076,1909f56bfc062723c751e8b465ee728b)
Start importing Assets/Quirky Series Ultimate/FREE/Materials/M_Pudu.mat using Guid(efb81d917c9bfa34f98e2e93ae65b97d) Importer(815301076,1909f56bfc062723c751e8b465ee728b) (PreviewImporter) -> (artifact id: '1ae623e9551acd7d3b9df3c885e479e1') in 0.0158716 seconds
Number of updated asset objects reloaded before import = 0Number of asset objects unloaded after import = 2

========================================================================
Received Import Request.
  Time since last request: 0.000047 seconds.
  path: Assets/Quirky Series Ultimate/FREE/Animations/Gecko_Animations.fbx
  artifactKey: Guid(fb72e4aa9961d99409ba17815d02cc88) Importer(815301076,1909f56bfc062723c751e8b465ee728b)
Start importing Assets/Quirky Series Ultimate/FREE/Animations/Gecko_Animations.fbx using Guid(fb72e4aa9961d99409ba17815d02cc88) Importer(815301076,1909f56bfc062723c751e8b465ee728b) (PreviewImporter) -> (artifact id: '12cb2cc57222c6f9c77bc46e6d609a34') in 0.040879 seconds
Number of updated asset objects reloaded before import = 0Number of asset objects unloaded after import = 48

========================================================================
Received Import Request.
  Time since last request: 0.000035 seconds.
  path: Packages/com.unity.render-pipelines.universal/Runtime/Materials/Lit.mat
  artifactKey: Guid(31321ba15b8f8eb4c954353edc038b1d) Importer(815301076,1909f56bfc062723c751e8b465ee728b)
Start importing Packages/com.unity.render-pipelines.universal/Runtime/Materials/Lit.mat using Guid(31321ba15b8f8eb4c954353edc038b1d) Importer(815301076,1909f56bfc062723c751e8b465ee728b) (PreviewImporter) -> (artifact id: 'c3b4073443c68bdcbd942d8d600cb1d3') in 0.010332 seconds
Number of updated asset objects reloaded before import = 0Number of asset objects unloaded after import = 0

========================================================================
Received Import Request.
  Time since last request: 0.000060 seconds.
  path: Assets/Quirky Series Ultimate/FREE/Animations/Muskrat_Animations.fbx
  artifactKey: Guid(0f1eb8fcb39d732419a570705c23a921) Importer(815301076,1909f56bfc062723c751e8b465ee728b)
Start importing Assets/Quirky Series Ultimate/FREE/Animations/Muskrat_Animations.fbx using Guid(0f1eb8fcb39d732419a570705c23a921) Importer(815301076,1909f56bfc062723c751e8b465ee728b) (PreviewImporter) -> (artifact id: '431a5c7edb3568fcec83721c5c471e1e') in 0.0364217 seconds
Number of updated asset objects reloaded before import = 0Number of asset objects unloaded after import = 52

========================================================================
Received Import Request.
  Time since last request: 0.000039 seconds.
  path: Assets/Quirky Series Ultimate/FREE/Materials/M_Gecko.mat
  artifactKey: Guid(f65b2b5a402c648438fcffd294eb2dbe) Importer(815301076,1909f56bfc062723c751e8b465ee728b)
Start importing Assets/Quirky Series Ultimate/FREE/Materials/M_Gecko.mat using Guid(f65b2b5a402c648438fcffd294eb2dbe) Importer(815301076,1909f56bfc062723c751e8b465ee728b) (PreviewImporter) -> (artifact id: '55c2b74ed5e02b12c2b38220919dc36f') in 0.0135858 seconds
Number of updated asset objects reloaded before import = 0Number of asset objects unloaded after import = 2

========================================================================
Received Import Request.
  Time since last request: 8.425732 seconds.
  path: Assets/Quirky Series Ultimate/FREE/Animations/Pudu_Animations.fbx
  artifactKey: Guid(b33fe6572f5e9b54e85212ea4aaf5a08) Importer(815301076,1909f56bfc062723c751e8b465ee728b)
Start importing Assets/Quirky Series Ultimate/FREE/Animations/Pudu_Animations.fbx using Guid(b33fe6572f5e9b54e85212ea4aaf5a08) Importer(815301076,1909f56bfc062723c751e8b465ee728b) (PreviewImporter) -> (artifact id: 'a7882dedf1b435da1e3ec2f63e45a3f5') in 0.0740871 seconds
Number of updated asset objects reloaded before import = 0Number of asset objects unloaded after import = 50

========================================================================
Received Import Request.
  Time since last request: 0.000070 seconds.
  path: Assets/3D Cartoon Box Map/FBX/Materials/map.mat
  artifactKey: Guid(49cd18b05e6198b4abb38e3b76d46538) Importer(815301076,1909f56bfc062723c751e8b465ee728b)
Start importing Assets/3D Cartoon Box Map/FBX/Materials/map.mat using Guid(49cd18b05e6198b4abb38e3b76d46538) Importer(815301076,1909f56bfc062723c751e8b465ee728b) (PreviewImporter) -> (artifact id: 'c251427130b32ae2bed6a25a4f300774') in 0.0179354 seconds
Number of updated asset objects reloaded before import = 0Number of asset objects unloaded after import = 1

========================================================================
Received Import Request.
  Time since last request: 15.850717 seconds.
  path: Assets/RealtimeRascals_Facetracking/Apple_Panda/Materials/Apple_Costumed/mat_Apple_Costumed_eyes.mat
  artifactKey: Guid(13b4b93b188470c47af6daa8cc45e6bd) Importer(815301076,1909f56bfc062723c751e8b465ee728b)
Start importing Assets/RealtimeRascals_Facetracking/Apple_Panda/Materials/Apple_Costumed/mat_Apple_Costumed_eyes.mat using Guid(13b4b93b188470c47af6daa8cc45e6bd) Importer(815301076,1909f56bfc062723c751e8b465ee728b) (PreviewImporter) -> (artifact id: '5c4bc52fe001c065444141d994440991') in 0.0234666 seconds
Number of updated asset objects reloaded before import = 0Number of asset objects unloaded after import = 4

========================================================================
Received Import Request.
  Time since last request: 0.000033 seconds.
  path: Assets/RealtimeRascals_Facetracking/Apple_Panda/Materials/Apple_Costumed/mat_Apple_Scifi_02.mat
  artifactKey: Guid(afaa7526b4b746c4bbc0cc1dfcb9781a) Importer(815301076,1909f56bfc062723c751e8b465ee728b)
Start importing Assets/RealtimeRascals_Facetracking/Apple_Panda/Materials/Apple_Costumed/mat_Apple_Scifi_02.mat using Guid(afaa7526b4b746c4bbc0cc1dfcb9781a) Importer(815301076,1909f56bfc062723c751e8b465ee728b) (PreviewImporter) -> (artifact id: 'b0c2cbe7e75ac7d5d4bdeac8c529adb6') in 0.0188596 seconds
Number of updated asset objects reloaded before import = 0Number of asset objects unloaded after import = 4

========================================================================
Received Import Request.
  Time since last request: 0.145041 seconds.
  path: Assets/RealtimeRascals_Facetracking/Jasper_Badger/Materials/Jasper the Badger/mat_Jasper_body.mat
  artifactKey: Guid(92c8cb728e0326b4b8c55123e383b626) Importer(815301076,1909f56bfc062723c751e8b465ee728b)
Start importing Assets/RealtimeRascals_Facetracking/Jasper_Badger/Materials/Jasper the Badger/mat_Jasper_body.mat using Guid(92c8cb728e0326b4b8c55123e383b626) Importer(815301076,1909f56bfc062723c751e8b465ee728b) (PreviewImporter) -> (artifact id: 'e63d1986666c0edc9c1d6bb3bb610a40') in 0.0348043 seconds
Number of updated asset objects reloaded before import = 0Number of asset objects unloaded after import = 4

========================================================================
Received Import Request.
  Time since last request: 0.000036 seconds.
  path: Assets/RealtimeRascals_Facetracking/Shanks_Frog/Materials/Shanks_Frog/mat_Shanks_Eyeball_shd.mat
  artifactKey: Guid(8f315550f5e10b141ad8b3162e4769f4) Importer(815301076,1909f56bfc062723c751e8b465ee728b)
Start importing Assets/RealtimeRascals_Facetracking/Shanks_Frog/Materials/Shanks_Frog/mat_Shanks_Eyeball_shd.mat using Guid(8f315550f5e10b141ad8b3162e4769f4) Importer(815301076,1909f56bfc062723c751e8b465ee728b) (PreviewImporter) -> (artifact id: '606b95394ff9d05392d420299da7299a') in 0.0206471 seconds
Number of updated asset objects reloaded before import = 0Number of asset objects unloaded after import = 4

========================================================================
Received Import Request.
  Time since last request: 0.000048 seconds.
  path: Assets/RealtimeRascals_Facetracking/Shanks_Frog/Materials/Shanks_Costumed/Shared/mat_Shanks_Costumed_BodyB_shd.mat
  artifactKey: Guid(74484b13515972442b4c3aa6b1d816e2) Importer(815301076,1909f56bfc062723c751e8b465ee728b)
Start importing Assets/RealtimeRascals_Facetracking/Shanks_Frog/Materials/Shanks_Costumed/Shared/mat_Shanks_Costumed_BodyB_shd.mat using Guid(74484b13515972442b4c3aa6b1d816e2) Importer(815301076,1909f56bfc062723c751e8b465ee728b) (PreviewImporter) -> (artifact id: '226ec57a2e948fb55539d9c2f42ac51d') in 0.0203505 seconds
Number of updated asset objects reloaded before import = 0Number of asset objects unloaded after import = 5

========================================================================
Received Import Request.
  Time since last request: 18.016510 seconds.
  path: Assets/RealtimeRascals_Facetracking/Shanks_Frog/Materials/Shanks_Frog/mat_Shanks_Innermouth_shd.mat
  artifactKey: Guid(65756f4c5aa71f241833b4d1f143eee0) Importer(815301076,1909f56bfc062723c751e8b465ee728b)
Start importing Assets/RealtimeRascals_Facetracking/Shanks_Frog/Materials/Shanks_Frog/mat_Shanks_Innermouth_shd.mat using Guid(65756f4c5aa71f241833b4d1f143eee0) Importer(815301076,1909f56bfc062723c751e8b465ee728b) (PreviewImporter) -> (artifact id: '0206eea6aa7727e21ab93243397d555f') in 0.0209552 seconds
Number of updated asset objects reloaded before import = 0Number of asset objects unloaded after import = 4

========================================================================
Received Import Request.
  Time since last request: 0.000027 seconds.
  path: Assets/RealtimeRascals_Facetracking/Shanks_Frog/Materials/Shanks_Costumed/Shanks_Suit/mat_Shanks_Suit_Suit.mat
  artifactKey: Guid(e7f18981994bff94bb349f63d182c73d) Importer(815301076,1909f56bfc062723c751e8b465ee728b)
Start importing Assets/RealtimeRascals_Facetracking/Shanks_Frog/Materials/Shanks_Costumed/Shanks_Suit/mat_Shanks_Suit_Suit.mat using Guid(e7f18981994bff94bb349f63d182c73d) Importer(815301076,1909f56bfc062723c751e8b465ee728b) (PreviewImporter) -> (artifact id: '379f8c292f67bf6d745f9efe3e426352') in 0.0191866 seconds
Number of updated asset objects reloaded before import = 0Number of asset objects unloaded after import = 4

========================================================================
Received Import Request.
  Time since last request: 0.206036 seconds.
  path: Assets/RealtimeRascals_Facetracking/Sydney_Rabbit/Materials/Sydney_Rabbit/mat_Sydney_Rabbit_eye.mat
  artifactKey: Guid(511131440c4f9434b90347a81f3abdbb) Importer(815301076,1909f56bfc062723c751e8b465ee728b)
Start importing Assets/RealtimeRascals_Facetracking/Sydney_Rabbit/Materials/Sydney_Rabbit/mat_Sydney_Rabbit_eye.mat using Guid(511131440c4f9434b90347a81f3abdbb) Importer(815301076,1909f56bfc062723c751e8b465ee728b) (PreviewImporter) -> (artifact id: '3b50c2fecf401c59b502790ff997032e') in 0.0221285 seconds
Number of updated asset objects reloaded before import = 0Number of asset objects unloaded after import = 4

========================================================================
Received Import Request.
  Time since last request: 0.000034 seconds.
  path: Assets/RealtimeRascals_Facetracking/Sydney_Rabbit/Materials/Sydney_Costumed/Sydney_Silent/mat_Sydney_Silent_clothes.mat
  artifactKey: Guid(798f201a007bea74ea30b7256d51387e) Importer(815301076,1909f56bfc062723c751e8b465ee728b)
Start importing Assets/RealtimeRascals_Facetracking/Sydney_Rabbit/Materials/Sydney_Costumed/Sydney_Silent/mat_Sydney_Silent_clothes.mat using Guid(798f201a007bea74ea30b7256d51387e) Importer(815301076,1909f56bfc062723c751e8b465ee728b) (PreviewImporter) -> (artifact id: 'd4f8a4fd8b48e6335f89cdeffa65b22c') in 0.0177594 seconds
Number of updated asset objects reloaded before import = 0Number of asset objects unloaded after import = 4

========================================================================
Received Import Request.
  Time since last request: 11.596420 seconds.
  path: Assets/RealtimeRascals_Facetracking/Sydney_Rabbit/Materials/Sydney_Costumed/mat_Sydney_Silent_eye.mat
  artifactKey: Guid(6552027fcc5f98546aaf0ec7a0062ae4) Importer(815301076,1909f56bfc062723c751e8b465ee728b)
Start importing Assets/RealtimeRascals_Facetracking/Sydney_Rabbit/Materials/Sydney_Costumed/mat_Sydney_Silent_eye.mat using Guid(6552027fcc5f98546aaf0ec7a0062ae4) Importer(815301076,1909f56bfc062723c751e8b465ee728b) (PreviewImporter) -> (artifact id: '4754b08936d88a6cf8939d516971f677') in 0.0251448 seconds
Number of updated asset objects reloaded before import = 0Number of asset objects unloaded after import = 4

========================================================================
Received Import Request.
  Time since last request: 0.000029 seconds.
  path: Assets/VertexColorFarmAnimals/Models/Materials/Material.006.mat
  artifactKey: Guid(b28b910835e6b804ebc3a628395bbf3e) Importer(815301076,1909f56bfc062723c751e8b465ee728b)
Start importing Assets/VertexColorFarmAnimals/Models/Materials/Material.006.mat using Guid(b28b910835e6b804ebc3a628395bbf3e) Importer(815301076,1909f56bfc062723c751e8b465ee728b) (PreviewImporter) -> (artifact id: '7c379414a4089a0aac81459e39ef57d0') in 0.011836 seconds
Number of updated asset objects reloaded before import = 0Number of asset objects unloaded after import = 1

========================================================================
Received Import Request.
  Time since last request: 0.000031 seconds.
  path: Assets/Resources/Materials/New Material.mat
  artifactKey: Guid(48fe1feb2c1546b4aa4cfc18f4e3de9c) Importer(815301076,1909f56bfc062723c751e8b465ee728b)
Start importing Assets/Resources/Materials/New Material.mat using Guid(48fe1feb2c1546b4aa4cfc18f4e3de9c) Importer(815301076,1909f56bfc062723c751e8b465ee728b) (PreviewImporter) -> (artifact id: '45544d3f56869125935d9f090305caff') in 0.0103603 seconds
Number of updated asset objects reloaded before import = 0Number of asset objects unloaded after import = 1

========================================================================
Received Import Request.
  Time since last request: 0.000050 seconds.
  path: Assets/Fristy Fantasy Lands 1/Fristy Fantasy Lands 1/Meshes/Plants/Materials/No Name.mat
  artifactKey: Guid(8bcd3caf32ab5c04886da436faf5e8fc) Importer(815301076,1909f56bfc062723c751e8b465ee728b)
Start importing Assets/Fristy Fantasy Lands 1/Fristy Fantasy Lands 1/Meshes/Plants/Materials/No Name.mat using Guid(8bcd3caf32ab5c04886da436faf5e8fc) Importer(815301076,1909f56bfc062723c751e8b465ee728b) (PreviewImporter) -> (artifact id: 'fe85f2f05c85c72a051268bf7bd96700') in 0.0103868 seconds
Number of updated asset objects reloaded before import = 0Number of asset objects unloaded after import = 1

========================================================================
Received Import Request.
  Time since last request: 0.000041 seconds.
  path: Packages/com.ptc.vuforia.engine/Vuforia/Materials/URP/MidAirIndicator_URP.mat
  artifactKey: Guid(ffd3e82aaeaf843ecb8488ab2282a9dc) Importer(815301076,1909f56bfc062723c751e8b465ee728b)
Start importing Packages/com.ptc.vuforia.engine/Vuforia/Materials/URP/MidAirIndicator_URP.mat using Guid(ffd3e82aaeaf843ecb8488ab2282a9dc) Importer(815301076,1909f56bfc062723c751e8b465ee728b) (PreviewImporter) -> (artifact id: 'b4623743aad495afd19fd2424c104dc8') in 4.2958992 seconds
Number of updated asset objects reloaded before import = 0Number of asset objects unloaded after import = 1

========================================================================
Received Import Request.
  Time since last request: 11.992894 seconds.
  path: Packages/com.ptc.vuforia.engine/Vuforia/Materials/Built-In/PointCloudHeightClip.mat
  artifactKey: Guid(6a9650f1eec7b49beb8c87003f7fa376) Importer(815301076,1909f56bfc062723c751e8b465ee728b)
Start importing Packages/com.ptc.vuforia.engine/Vuforia/Materials/Built-In/PointCloudHeightClip.mat using Guid(6a9650f1eec7b49beb8c87003f7fa376) Importer(815301076,1909f56bfc062723c751e8b465ee728b) (PreviewImporter) -> (artifact id: '4b022fea2fd70803428e5f7f2c72ba3e') in 0.0380936 seconds
Number of updated asset objects reloaded before import = 0Number of asset objects unloaded after import = 1

========================================================================
Received Import Request.
  Time since last request: 6.014553 seconds.
  path: Assets/Fristy Fantasy Lands 1/Fristy Fantasy Lands 1/Shaders/URP/Procural Bark.shadergraph
  artifactKey: Guid(2d5b1e07736ee1f49bb4d4f2105928dc) Importer(815301076,1909f56bfc062723c751e8b465ee728b)
Start importing Assets/Fristy Fantasy Lands 1/Fristy Fantasy Lands 1/Shaders/URP/Procural Bark.shadergraph using Guid(2d5b1e07736ee1f49bb4d4f2105928dc) Importer(815301076,1909f56bfc062723c751e8b465ee728b) (PreviewImporter) -> (artifact id: '4ae2c61baa0136e74dd69ab180871e7d') in 0.2806974 seconds
Number of updated asset objects reloaded before import = 0Number of asset objects unloaded after import = 1

========================================================================
Received Import Request.
  Time since last request: 0.000032 seconds.
  path: Assets/Lowpoly_Holiday_House/Materials/Shutters.mat
  artifactKey: Guid(f2bc0ca930bdced4083ec2fc1cebb500) Importer(815301076,1909f56bfc062723c751e8b465ee728b)
Start importing Assets/Lowpoly_Holiday_House/Materials/Shutters.mat using Guid(f2bc0ca930bdced4083ec2fc1cebb500) Importer(815301076,1909f56bfc062723c751e8b465ee728b) (PreviewImporter) -> (artifact id: '604f52654345b39d78f14268c68fe7ad') in 0.015595 seconds
Number of updated asset objects reloaded before import = 0Number of asset objects unloaded after import = 3

========================================================================
Received Import Request.
  Time since last request: 0.000036 seconds.
  path: Assets/Fristy Fantasy Lands 1/Fristy Fantasy Lands 1/Shaders/URP/Sky.shadergraph
  artifactKey: Guid(b31899ee0c29a0c4f980eda6120278de) Importer(815301076,1909f56bfc062723c751e8b465ee728b)
Start importing Assets/Fristy Fantasy Lands 1/Fristy Fantasy Lands 1/Shaders/URP/Sky.shadergraph using Guid(b31899ee0c29a0c4f980eda6120278de) Importer(815301076,1909f56bfc062723c751e8b465ee728b) (PreviewImporter) -> (artifact id: '888009cf3c1df7d44eb5b3bacbd0bf34') in 0.4389351 seconds
Number of updated asset objects reloaded before import = 0Number of asset objects unloaded after import = 6

========================================================================
Received Import Request.
  Time since last request: 0.000034 seconds.
  path: Assets/TextMesh Pro/Examples & Extras/Materials/Small Crate_diffuse.mat
  artifactKey: Guid(22262639920f43d6be32430e4e58350d) Importer(815301076,1909f56bfc062723c751e8b465ee728b)
Start importing Assets/TextMesh Pro/Examples & Extras/Materials/Small Crate_diffuse.mat using Guid(22262639920f43d6be32430e4e58350d) Importer(815301076,1909f56bfc062723c751e8b465ee728b) (PreviewImporter) -> (artifact id: '5ad5207d0241dc893660e98ba3aadccb') in 5.4469392 seconds
Number of updated asset objects reloaded before import = 0Number of asset objects unloaded after import = 3

========================================================================
Received Import Request.
  Time since last request: 0.000106 seconds.
  path: Packages/com.unity.render-pipelines.universal/Runtime/Materials/SpriteMask-Default.mat
  artifactKey: Guid(15d0c3709176029428a0da2f8cecf0b5) Importer(815301076,1909f56bfc062723c751e8b465ee728b)
Start importing Packages/com.unity.render-pipelines.universal/Runtime/Materials/SpriteMask-Default.mat using Guid(15d0c3709176029428a0da2f8cecf0b5) Importer(815301076,1909f56bfc062723c751e8b465ee728b) (PreviewImporter) -> (artifact id: '7b694d06885931eb5acbde25415ec443') in 0.0194449 seconds
Number of updated asset objects reloaded before import = 0Number of asset objects unloaded after import = 0

========================================================================
Received Import Request.
  Time since last request: 0.000043 seconds.
  path: Assets/Thaleah_PixelFont/Materials/ThaleahFat.mat
  artifactKey: Guid(43d59b5c638b0664db55f3a4e4d130ef) Importer(815301076,1909f56bfc062723c751e8b465ee728b)
Start importing Assets/Thaleah_PixelFont/Materials/ThaleahFat.mat using Guid(43d59b5c638b0664db55f3a4e4d130ef) Importer(815301076,1909f56bfc062723c751e8b465ee728b) (PreviewImporter) -> (artifact id: '4e5fe4353e46b2d40a6bd9416677eb01') in 0.0160652 seconds
Number of updated asset objects reloaded before import = 0Number of asset objects unloaded after import = 2

========================================================================
Received Import Request.
  Time since last request: 14.503442 seconds.
  path: Assets/Lowpoly_Holiday_House/Materials/Tile_1.mat
  artifactKey: Guid(c6cc76a5362a2b44c8cb3d0c21631ab4) Importer(815301076,1909f56bfc062723c751e8b465ee728b)
Start importing Assets/Lowpoly_Holiday_House/Materials/Tile_1.mat using Guid(c6cc76a5362a2b44c8cb3d0c21631ab4) Importer(815301076,1909f56bfc062723c751e8b465ee728b) (PreviewImporter) -> (artifact id: 'fc16d2314f0f7a740f39d383115c40f9') in 0.014606 seconds
Number of updated asset objects reloaded before import = 0Number of asset objects unloaded after import = 3

========================================================================
Received Import Request.
  Time since last request: 0.807628 seconds.
  path: Assets/Fristy Fantasy Lands 1/Fristy Fantasy Lands 1/Meshes/Trees/Materials/Tree_1_Billboard.mat
  artifactKey: Guid(c1757e1f50a32e540895e88f28312dbf) Importer(815301076,1909f56bfc062723c751e8b465ee728b)
Start importing Assets/Fristy Fantasy Lands 1/Fristy Fantasy Lands 1/Meshes/Trees/Materials/Tree_1_Billboard.mat using Guid(c1757e1f50a32e540895e88f28312dbf) Importer(815301076,1909f56bfc062723c751e8b465ee728b) (PreviewImporter) -> (artifact id: 'c5f499a1f2a3c8fdea05b016570e0143') in 0.0112914 seconds
Number of updated asset objects reloaded before import = 0Number of asset objects unloaded after import = 1

========================================================================
Received Import Request.
  Time since last request: 0.000032 seconds.
  path: Packages/com.ptc.vuforia.engine/Vuforia/Materials/URP/UnlitTexture_URP.mat
  artifactKey: Guid(588a68088f1364b419f38a78121d3a3b) Importer(815301076,1909f56bfc062723c751e8b465ee728b)
Start importing Packages/com.ptc.vuforia.engine/Vuforia/Materials/URP/UnlitTexture_URP.mat using Guid(588a68088f1364b419f38a78121d3a3b) Importer(815301076,1909f56bfc062723c751e8b465ee728b) (PreviewImporter) -> (artifact id: '516d42a7a204cbf6c9d7c18c0391f776') in 0.0106683 seconds
Number of updated asset objects reloaded before import = 0Number of asset objects unloaded after import = 2

========================================================================
Received Import Request.
  Time since last request: 0.079077 seconds.
  path: Packages/com.ptc.vuforia.engine/Vuforia/Materials/Built-In/UnlitTextureHeightClip.mat
  artifactKey: Guid(1467df3040f8748ac9f17c8f34f3ecaf) Importer(815301076,1909f56bfc062723c751e8b465ee728b)
Start importing Packages/com.ptc.vuforia.engine/Vuforia/Materials/Built-In/UnlitTextureHeightClip.mat using Guid(1467df3040f8748ac9f17c8f34f3ecaf) Importer(815301076,1909f56bfc062723c751e8b465ee728b) (PreviewImporter) -> (artifact id: 'ca7d69bad617f8ec73831b8faf33b442') in 0.0107174 seconds
Number of updated asset objects reloaded before import = 0Number of asset objects unloaded after import = 1

========================================================================
Received Import Request.
  Time since last request: 37.824736 seconds.
  path: Assets/Fristy Fantasy Lands 1/Fristy Fantasy Lands 1/Shaders/URP/Vegetations.shadergraph
  artifactKey: Guid(a15dbf970cdef79449c8417d4a8eff00) Importer(815301076,1909f56bfc062723c751e8b465ee728b)
Start importing Assets/Fristy Fantasy Lands 1/Fristy Fantasy Lands 1/Shaders/URP/Vegetations.shadergraph using Guid(a15dbf970cdef79449c8417d4a8eff00) Importer(815301076,1909f56bfc062723c751e8b465ee728b) (PreviewImporter) -> (artifact id: 'e34eab3b9394ec775194e19dc4138cf7') in 4.3174045 seconds
Number of updated asset objects reloaded before import = 0Number of asset objects unloaded after import = 9

========================================================================
Received Import Request.
  Time since last request: 159.447941 seconds.
  path: Assets/RPGMonsterBuddiesPBRPA/Texture/Materials/Albedo.mat
  artifactKey: Guid(e0ee2b370ff06a646ac199a08fdebf8d) Importer(815301076,1909f56bfc062723c751e8b465ee728b)
Start importing Assets/RPGMonsterBuddiesPBRPA/Texture/Materials/Albedo.mat using Guid(e0ee2b370ff06a646ac199a08fdebf8d) Importer(815301076,1909f56bfc062723c751e8b465ee728b) (PreviewImporter) -> (artifact id: '681956eba2d9d102eb183e99958ab2ae') in 0.0113899 seconds
Number of updated asset objects reloaded before import = 0Number of asset objects unloaded after import = 2

========================================================================
Received Import Request.
  Time since last request: 0.076716 seconds.
  path: Assets/TextMesh Pro/Examples & Extras/Resources/Fonts & Materials/Anton SDF - Drop Shadow.mat
  artifactKey: Guid(749b9069dc4742c5bfa5c74644049926) Importer(815301076,1909f56bfc062723c751e8b465ee728b)
Start importing Assets/TextMesh Pro/Examples & Extras/Resources/Fonts & Materials/Anton SDF - Drop Shadow.mat using Guid(749b9069dc4742c5bfa5c74644049926) Importer(815301076,1909f56bfc062723c751e8b465ee728b) (PreviewImporter) -> (artifact id: '725dc11bef50e3fda83c5f184e3b8f78') in 0.017168 seconds
Number of updated asset objects reloaded before import = 0Number of asset objects unloaded after import = 2

========================================================================
Received Import Request.
  Time since last request: 0.000024 seconds.
  path: Assets/RealtimeRascals_Facetracking/Apple_Panda/Textures/Apple_Costumed/Materials/Apple_Costumed_Innermouth_BaseColor.mat
  artifactKey: Guid(0e656e70210e232478e4a6cc37bc15db) Importer(815301076,1909f56bfc062723c751e8b465ee728b)
Start importing Assets/RealtimeRascals_Facetracking/Apple_Panda/Textures/Apple_Costumed/Materials/Apple_Costumed_Innermouth_BaseColor.mat using Guid(0e656e70210e232478e4a6cc37bc15db) Importer(815301076,1909f56bfc062723c751e8b465ee728b) (PreviewImporter) -> (artifact id: 'e55149ebd43aa58752e74baa017d40df') in 0.0092648 seconds
Number of updated asset objects reloaded before import = 0Number of asset objects unloaded after import = 2

========================================================================
Received Import Request.
  Time since last request: 0.000034 seconds.
  path: Assets/TextMesh Pro/Examples & Extras/Resources/Fonts & Materials/Anton SDF.asset
  artifactKey: Guid(8a89fa14b10d46a99122fd4f73fca9a2) Importer(815301076,1909f56bfc062723c751e8b465ee728b)
Start importing Assets/TextMesh Pro/Examples & Extras/Resources/Fonts & Materials/Anton SDF.asset using Guid(8a89fa14b10d46a99122fd4f73fca9a2) Importer(815301076,1909f56bfc062723c751e8b465ee728b) (PreviewImporter) -> (artifact id: 'aa3a026d299517523381411ac45a47ea') in 0.0283645 seconds
Number of updated asset objects reloaded before import = 0Number of asset objects unloaded after import = 6

Editor requested this worker to shutdown with reason: Scaling down because of idle timeout
AssetImportWorker is now disconnected from the server
Process exiting
Exiting without the bug reporter. Application will terminate with return code 0